2023-12-01 20:54:24.242 | ERROR    | utils.loggings:exception:40 - keys
Traceback (most recent call last):

  File "C:\Users\Lenovo\AppData\Local\Programs\Python\Python310\lib\site-packages\sqlalchemy\engine\result.py", line 202, in _key_not_found
    self._key_fallback(key, None)
    │    │             └ 'keys'
    │    └ <function ResultMetaData._key_fallback at 0x000002A7AEFCDFC0>
    └ <sqlalchemy.engine.result.SimpleResultMetaData object at 0x000002A7B06F25C0>

  File "C:\Users\Lenovo\AppData\Local\Programs\Python\Python310\lib\site-packages\sqlalchemy\engine\result.py", line 141, in _key_fallback
    raise KeyError(key) from err
                   │         └ None
                   └ 'keys'

KeyError: 'keys'


The above exception was the direct cause of the following exception:


Traceback (most recent call last):

  File "E:\pycharm\PyCharm2023.2.4\plugins\python\helpers\pydev\_pydev_bundle\pydev_monkey.py", line 805, in __call__
    ret = self.original_func(*self.args, **self.kwargs)
          │    │              │    │       │    └ {}
          │    │              │    │       └ <_pydev_bundle.pydev_monkey._NewThreadStartupWithTrace object at 0x000002A7B0B5B1C0>
          │    │              │    └ ()
          │    │              └ <_pydev_bundle.pydev_monkey._NewThreadStartupWithTrace object at 0x000002A7B0B5B1C0>
          │    └ <bound method Thread._bootstrap of <Thread(Thread-5 (serve_forever), started daemon 20200)>>
          └ <_pydev_bundle.pydev_monkey._NewThreadStartupWithTrace object at 0x000002A7B0B5B1C0>

  File "C:\Users\Lenovo\AppData\Local\Programs\Python\Python310\lib\threading.py", line 973, in _bootstrap
    self._bootstrap_inner()
    │    └ <function Thread._bootstrap_inner at 0x000002A7AB5AEE60>
    └ <Thread(Thread-5 (serve_forever), started daemon 20200)>

  File "C:\Users\Lenovo\AppData\Local\Programs\Python\Python310\lib\threading.py", line 1016, in _bootstrap_inner
    self.run()
    │    └ <function Thread.run at 0x000002A7AB5AEB90>
    └ <Thread(Thread-5 (serve_forever), started daemon 20200)>

  File "C:\Users\Lenovo\AppData\Local\Programs\Python\Python310\lib\threading.py", line 953, in run
    self._target(*self._args, **self._kwargs)
    │    │        │    │        │    └ {}
    │    │        │    │        └ <Thread(Thread-5 (serve_forever), started daemon 20200)>
    │    │        │    └ ()
    │    │        └ <Thread(Thread-5 (serve_forever), started daemon 20200)>
    │    └ <bound method BaseWSGIServer.serve_forever of <werkzeug.serving.BaseWSGIServer object at 0x000002A7AE331C30>>
    └ <Thread(Thread-5 (serve_forever), started daemon 20200)>

  File "C:\Users\Lenovo\AppData\Local\Programs\Python\Python310\lib\site-packages\werkzeug\serving.py", line 806, in serve_forever
    super().serve_forever(poll_interval=poll_interval)
                                        └ 0.5

  File "C:\Users\Lenovo\AppData\Local\Programs\Python\Python310\lib\socketserver.py", line 237, in serve_forever
    self._handle_request_noblock()
    │    └ <function BaseServer._handle_request_noblock at 0x000002A7ABC67E20>
    └ <werkzeug.serving.BaseWSGIServer object at 0x000002A7AE331C30>

  File "C:\Users\Lenovo\AppData\Local\Programs\Python\Python310\lib\socketserver.py", line 316, in _handle_request_noblock
    self.process_request(request, client_address)
    │    │               │        └ ('127.0.0.1', 55033)
    │    │               └ <socket.socket fd=584, family=AddressFamily.AF_INET, type=SocketKind.SOCK_STREAM, proto=0, laddr=('127.0.0.1', 5000), raddr=(...
    │    └ <function BaseServer.process_request at 0x000002A7AD4B8040>
    └ <werkzeug.serving.BaseWSGIServer object at 0x000002A7AE331C30>

  File "C:\Users\Lenovo\AppData\Local\Programs\Python\Python310\lib\socketserver.py", line 347, in process_request
    self.finish_request(request, client_address)
    │    │              │        └ ('127.0.0.1', 55033)
    │    │              └ <socket.socket fd=584, family=AddressFamily.AF_INET, type=SocketKind.SOCK_STREAM, proto=0, laddr=('127.0.0.1', 5000), raddr=(...
    │    └ <function BaseServer.finish_request at 0x000002A7AD4B8160>
    └ <werkzeug.serving.BaseWSGIServer object at 0x000002A7AE331C30>

  File "C:\Users\Lenovo\AppData\Local\Programs\Python\Python310\lib\socketserver.py", line 360, in finish_request
    self.RequestHandlerClass(request, client_address, self)
    │    │                   │        │               └ <werkzeug.serving.BaseWSGIServer object at 0x000002A7AE331C30>
    │    │                   │        └ ('127.0.0.1', 55033)
    │    │                   └ <socket.socket fd=584, family=AddressFamily.AF_INET, type=SocketKind.SOCK_STREAM, proto=0, laddr=('127.0.0.1', 5000), raddr=(...
    │    └ <class 'werkzeug.serving.WSGIRequestHandler'>
    └ <werkzeug.serving.BaseWSGIServer object at 0x000002A7AE331C30>

  File "C:\Users\Lenovo\AppData\Local\Programs\Python\Python310\lib\socketserver.py", line 747, in __init__
    self.handle()
    │    └ <function WSGIRequestHandler.handle at 0x000002A7AE4B1AB0>
    └ <werkzeug.serving.WSGIRequestHandler object at 0x000002A7B0B26920>

  File "C:\Users\Lenovo\AppData\Local\Programs\Python\Python310\lib\site-packages\werkzeug\serving.py", line 390, in handle
    super().handle()

  File "C:\Users\Lenovo\AppData\Local\Programs\Python\Python310\lib\http\server.py", line 432, in handle
    self.handle_one_request()
    │    └ <function BaseHTTPRequestHandler.handle_one_request at 0x000002A7AD4B9870>
    └ <werkzeug.serving.WSGIRequestHandler object at 0x000002A7B0B26920>

  File "C:\Users\Lenovo\AppData\Local\Programs\Python\Python310\lib\http\server.py", line 420, in handle_one_request
    method()
    └ <bound method WSGIRequestHandler.run_wsgi of <werkzeug.serving.WSGIRequestHandler object at 0x000002A7B0B26920>>

  File "C:\Users\Lenovo\AppData\Local\Programs\Python\Python310\lib\site-packages\werkzeug\serving.py", line 362, in run_wsgi
    execute(self.server.app)
    │       │    │      └ <werkzeug.debug.DebuggedApplication object at 0x000002A7B0B26DD0>
    │       │    └ <werkzeug.serving.BaseWSGIServer object at 0x000002A7AE331C30>
    │       └ <werkzeug.serving.WSGIRequestHandler object at 0x000002A7B0B26920>
    └ <function WSGIRequestHandler.run_wsgi.<locals>.execute at 0x000002A7B0C37760>

  File "C:\Users\Lenovo\AppData\Local\Programs\Python\Python310\lib\site-packages\werkzeug\serving.py", line 325, in execute
    for data in application_iter:
                └ <generator object DebuggedApplication.debug_application at 0x000002A7B0AD3760>

  File "C:\Users\Lenovo\AppData\Local\Programs\Python\Python310\lib\site-packages\werkzeug\debug\__init__.py", line 330, in debug_application
    app_iter = self.app(environ, start_response)
               │    │   │        └ <function WSGIRequestHandler.run_wsgi.<locals>.start_response at 0x000002A7B0C34E50>
               │    │   └ {'wsgi.version': (1, 0), 'wsgi.url_scheme': 'http', 'wsgi.input': <_io.BufferedReader name=584>, 'wsgi.errors': <_io.TextIOWr...
               │    └ <Flask 'app'>
               └ <werkzeug.debug.DebuggedApplication object at 0x000002A7B0B26DD0>

  File "C:\Users\Lenovo\AppData\Local\Programs\Python\Python310\lib\site-packages\flask\app.py", line 2213, in __call__
    return self.wsgi_app(environ, start_response)
           │    │        │        └ <function WSGIRequestHandler.run_wsgi.<locals>.start_response at 0x000002A7B0C34E50>
           │    │        └ {'wsgi.version': (1, 0), 'wsgi.url_scheme': 'http', 'wsgi.input': <_io.BufferedReader name=584>, 'wsgi.errors': <_io.TextIOWr...
           │    └ <function Flask.wsgi_app at 0x000002A7AE80FC70>
           └ <Flask 'app'>

  File "C:\Users\Lenovo\AppData\Local\Programs\Python\Python310\lib\site-packages\flask\app.py", line 2190, in wsgi_app
    response = self.full_dispatch_request()
               │    └ <function Flask.full_dispatch_request at 0x000002A7AE80F1C0>
               └ <Flask 'app'>

  File "C:\Users\Lenovo\AppData\Local\Programs\Python\Python310\lib\site-packages\flask\app.py", line 1484, in full_dispatch_request
    rv = self.dispatch_request()
         │    └ <function Flask.dispatch_request at 0x000002A7AE80F130>
         └ <Flask 'app'>

  File "C:\Users\Lenovo\AppData\Local\Programs\Python\Python310\lib\site-packages\flask\app.py", line 1469, in dispatch_request
    return self.ensure_sync(self.view_functions[rule.endpoint])(**view_args)
           │    │           │    │              │    │            └ {}
           │    │           │    │              │    └ 'users.login'
           │    │           │    │              └ <Rule '/api_1_0/users/login' (POST, OPTIONS) -> users.login>
           │    │           │    └ {'static': <function Flask.__init__.<locals>.<lambda> at 0x000002A7AF3F27A0>, 'apiversion.Apiversion': <function View.as_view...
           │    │           └ <Flask 'app'>
           │    └ <function Flask.ensure_sync at 0x000002A7AE80F400>
           └ <Flask 'app'>

  File "C:\Users\Lenovo\PycharmProjects\api_project\api\api_1_0\usersResource\urls.py", line 17, in login
    return UsersOtherResource.login()
           │                  └ <classmethod(<function UsersOtherResource.login at 0x000002A7B07B0040>)>
           └ <class 'api_1_0.usersResource.usersOtherResource.UsersOtherResource'>

  File "C:\Users\Lenovo\PycharmProjects\api_project\api\api_1_0\usersResource\usersOtherResource.py", line 30, in login
    res=UsersService.login(**kwargs)
        │            │       └ {'account': '24', 'password': '423'}
        │            └ <classmethod(<function UsersService.login at 0x000002A7B07B05E0>)>
        └ <class 'service.usersService.UsersService'>

> File "C:\Users\Lenovo\PycharmProjects\api_project\api\service\usersService.py", line 32, in login
    user_info=commons.query_to_dict(user_info)
              │       │             └ ('24', '423')
              │       └ <function query_to_dict at 0x000002A7B05FAB00>
              └ <module 'utils.commons' from 'C:\\Users\\Lenovo\\PycharmProjects\\api_project\\api\\utils\\commons.py'>

  File "C:\Users\Lenovo\PycharmProjects\api_project\api\utils\commons.py", line 67, in query_to_dict
    res = dict(zip(models.keys(), models))
                   │              └ ('24', '423')
                   └ ('24', '423')

  File "lib\\sqlalchemy\\cyextension\\resultproxy.pyx", line 60, in sqlalchemy.cyextension.resultproxy.BaseRow.__getattr__
  File "lib\\sqlalchemy\\cyextension\\resultproxy.pyx", line 57, in sqlalchemy.cyextension.resultproxy.BaseRow._get_by_key_impl

  File "C:\Users\Lenovo\AppData\Local\Programs\Python\Python310\lib\site-packages\sqlalchemy\engine\result.py", line 204, in _key_not_found
    raise AttributeError(ke.args[0]) from ke

AttributeError: keys
2023-12-01 20:54:56.998 | ERROR    | utils.loggings:exception:40 - keys
Traceback (most recent call last):

  File "C:\Users\Lenovo\AppData\Local\Programs\Python\Python310\lib\site-packages\sqlalchemy\engine\result.py", line 202, in _key_not_found
    self._key_fallback(key, None)
    │    │             └ 'keys'
    │    └ <function ResultMetaData._key_fallback at 0x0000014D6CF09EA0>
    └ <sqlalchemy.engine.result.SimpleResultMetaData object at 0x0000014D6EA25180>

  File "C:\Users\Lenovo\AppData\Local\Programs\Python\Python310\lib\site-packages\sqlalchemy\engine\result.py", line 141, in _key_fallback
    raise KeyError(key) from err
                   │         └ None
                   └ 'keys'

KeyError: 'keys'


The above exception was the direct cause of the following exception:


Traceback (most recent call last):

  File "E:\pycharm\PyCharm2023.2.4\plugins\python\helpers\pydev\_pydev_bundle\pydev_monkey.py", line 805, in __call__
    ret = self.original_func(*self.args, **self.kwargs)
          │    │              │    │       │    └ {}
          │    │              │    │       └ <_pydev_bundle.pydev_monkey._NewThreadStartupWithTrace object at 0x0000014D6EA83190>
          │    │              │    └ ()
          │    │              └ <_pydev_bundle.pydev_monkey._NewThreadStartupWithTrace object at 0x0000014D6EA83190>
          │    └ <bound method Thread._bootstrap of <Thread(Thread-5 (serve_forever), started daemon 19936)>>
          └ <_pydev_bundle.pydev_monkey._NewThreadStartupWithTrace object at 0x0000014D6EA83190>

  File "C:\Users\Lenovo\AppData\Local\Programs\Python\Python310\lib\threading.py", line 973, in _bootstrap
    self._bootstrap_inner()
    │    └ <function Thread._bootstrap_inner at 0x0000014D694CEE60>
    └ <Thread(Thread-5 (serve_forever), started daemon 19936)>

  File "C:\Users\Lenovo\AppData\Local\Programs\Python\Python310\lib\threading.py", line 1016, in _bootstrap_inner
    self.run()
    │    └ <function Thread.run at 0x0000014D694CEB90>
    └ <Thread(Thread-5 (serve_forever), started daemon 19936)>

  File "C:\Users\Lenovo\AppData\Local\Programs\Python\Python310\lib\threading.py", line 953, in run
    self._target(*self._args, **self._kwargs)
    │    │        │    │        │    └ {}
    │    │        │    │        └ <Thread(Thread-5 (serve_forever), started daemon 19936)>
    │    │        │    └ ()
    │    │        └ <Thread(Thread-5 (serve_forever), started daemon 19936)>
    │    └ <bound method BaseWSGIServer.serve_forever of <werkzeug.serving.BaseWSGIServer object at 0x0000014D6C261C00>>
    └ <Thread(Thread-5 (serve_forever), started daemon 19936)>

  File "C:\Users\Lenovo\AppData\Local\Programs\Python\Python310\lib\site-packages\werkzeug\serving.py", line 806, in serve_forever
    super().serve_forever(poll_interval=poll_interval)
                                        └ 0.5

  File "C:\Users\Lenovo\AppData\Local\Programs\Python\Python310\lib\socketserver.py", line 237, in serve_forever
    self._handle_request_noblock()
    │    └ <function BaseServer._handle_request_noblock at 0x0000014D69B97E20>
    └ <werkzeug.serving.BaseWSGIServer object at 0x0000014D6C261C00>

  File "C:\Users\Lenovo\AppData\Local\Programs\Python\Python310\lib\socketserver.py", line 316, in _handle_request_noblock
    self.process_request(request, client_address)
    │    │               │        └ ('127.0.0.1', 55049)
    │    │               └ <socket.socket fd=896, family=AddressFamily.AF_INET, type=SocketKind.SOCK_STREAM, proto=0, laddr=('127.0.0.1', 5000), raddr=(...
    │    └ <function BaseServer.process_request at 0x0000014D6B3E8040>
    └ <werkzeug.serving.BaseWSGIServer object at 0x0000014D6C261C00>

  File "C:\Users\Lenovo\AppData\Local\Programs\Python\Python310\lib\socketserver.py", line 347, in process_request
    self.finish_request(request, client_address)
    │    │              │        └ ('127.0.0.1', 55049)
    │    │              └ <socket.socket fd=896, family=AddressFamily.AF_INET, type=SocketKind.SOCK_STREAM, proto=0, laddr=('127.0.0.1', 5000), raddr=(...
    │    └ <function BaseServer.finish_request at 0x0000014D6B3E8160>
    └ <werkzeug.serving.BaseWSGIServer object at 0x0000014D6C261C00>

  File "C:\Users\Lenovo\AppData\Local\Programs\Python\Python310\lib\socketserver.py", line 360, in finish_request
    self.RequestHandlerClass(request, client_address, self)
    │    │                   │        │               └ <werkzeug.serving.BaseWSGIServer object at 0x0000014D6C261C00>
    │    │                   │        └ ('127.0.0.1', 55049)
    │    │                   └ <socket.socket fd=896, family=AddressFamily.AF_INET, type=SocketKind.SOCK_STREAM, proto=0, laddr=('127.0.0.1', 5000), raddr=(...
    │    └ <class 'werkzeug.serving.WSGIRequestHandler'>
    └ <werkzeug.serving.BaseWSGIServer object at 0x0000014D6C261C00>

  File "C:\Users\Lenovo\AppData\Local\Programs\Python\Python310\lib\socketserver.py", line 747, in __init__
    self.handle()
    │    └ <function WSGIRequestHandler.handle at 0x0000014D6C3DD990>
    └ <werkzeug.serving.WSGIRequestHandler object at 0x0000014D6EA568F0>

  File "C:\Users\Lenovo\AppData\Local\Programs\Python\Python310\lib\site-packages\werkzeug\serving.py", line 390, in handle
    super().handle()

  File "C:\Users\Lenovo\AppData\Local\Programs\Python\Python310\lib\http\server.py", line 432, in handle
    self.handle_one_request()
    │    └ <function BaseHTTPRequestHandler.handle_one_request at 0x0000014D6B3E9870>
    └ <werkzeug.serving.WSGIRequestHandler object at 0x0000014D6EA568F0>

  File "C:\Users\Lenovo\AppData\Local\Programs\Python\Python310\lib\http\server.py", line 420, in handle_one_request
    method()
    └ <bound method WSGIRequestHandler.run_wsgi of <werkzeug.serving.WSGIRequestHandler object at 0x0000014D6EA568F0>>

  File "C:\Users\Lenovo\AppData\Local\Programs\Python\Python310\lib\site-packages\werkzeug\serving.py", line 362, in run_wsgi
    execute(self.server.app)
    │       │    │      └ <werkzeug.debug.DebuggedApplication object at 0x0000014D6EA56DA0>
    │       │    └ <werkzeug.serving.BaseWSGIServer object at 0x0000014D6C261C00>
    │       └ <werkzeug.serving.WSGIRequestHandler object at 0x0000014D6EA568F0>
    └ <function WSGIRequestHandler.run_wsgi.<locals>.execute at 0x0000014D6EB65510>

  File "C:\Users\Lenovo\AppData\Local\Programs\Python\Python310\lib\site-packages\werkzeug\serving.py", line 325, in execute
    for data in application_iter:
                └ <generator object DebuggedApplication.debug_application at 0x0000014D6E90F370>

  File "C:\Users\Lenovo\AppData\Local\Programs\Python\Python310\lib\site-packages\werkzeug\debug\__init__.py", line 330, in debug_application
    app_iter = self.app(environ, start_response)
               │    │   │        └ <function WSGIRequestHandler.run_wsgi.<locals>.start_response at 0x0000014D6EB644C0>
               │    │   └ {'wsgi.version': (1, 0), 'wsgi.url_scheme': 'http', 'wsgi.input': <_io.BufferedReader name=896>, 'wsgi.errors': <_io.TextIOWr...
               │    └ <Flask 'app'>
               └ <werkzeug.debug.DebuggedApplication object at 0x0000014D6EA56DA0>

  File "C:\Users\Lenovo\AppData\Local\Programs\Python\Python310\lib\site-packages\flask\app.py", line 2213, in __call__
    return self.wsgi_app(environ, start_response)
           │    │        │        └ <function WSGIRequestHandler.run_wsgi.<locals>.start_response at 0x0000014D6EB644C0>
           │    │        └ {'wsgi.version': (1, 0), 'wsgi.url_scheme': 'http', 'wsgi.input': <_io.BufferedReader name=896>, 'wsgi.errors': <_io.TextIOWr...
           │    └ <function Flask.wsgi_app at 0x0000014D6C723B50>
           └ <Flask 'app'>

  File "C:\Users\Lenovo\AppData\Local\Programs\Python\Python310\lib\site-packages\flask\app.py", line 2190, in wsgi_app
    response = self.full_dispatch_request()
               │    └ <function Flask.full_dispatch_request at 0x0000014D6C7230A0>
               └ <Flask 'app'>

  File "C:\Users\Lenovo\AppData\Local\Programs\Python\Python310\lib\site-packages\flask\app.py", line 1484, in full_dispatch_request
    rv = self.dispatch_request()
         │    └ <function Flask.dispatch_request at 0x0000014D6C723010>
         └ <Flask 'app'>

  File "C:\Users\Lenovo\AppData\Local\Programs\Python\Python310\lib\site-packages\flask\app.py", line 1469, in dispatch_request
    return self.ensure_sync(self.view_functions[rule.endpoint])(**view_args)
           │    │           │    │              │    │            └ {}
           │    │           │    │              │    └ 'users.login'
           │    │           │    │              └ <Rule '/api_1_0/users/login' (POST, OPTIONS) -> users.login>
           │    │           │    └ {'static': <function Flask.__init__.<locals>.<lambda> at 0x0000014D6D322680>, 'apiversion.Apiversion': <function View.as_view...
           │    │           └ <Flask 'app'>
           │    └ <function Flask.ensure_sync at 0x0000014D6C7232E0>
           └ <Flask 'app'>

  File "C:\Users\Lenovo\PycharmProjects\api_project\api\api_1_0\usersResource\urls.py", line 17, in login
    return UsersOtherResource.login()
           │                  └ <classmethod(<function UsersOtherResource.login at 0x0000014D6E6D80D0>)>
           └ <class 'api_1_0.usersResource.usersOtherResource.UsersOtherResource'>

  File "C:\Users\Lenovo\PycharmProjects\api_project\api\api_1_0\usersResource\usersOtherResource.py", line 30, in login
    res=UsersService.login(**kwargs)
        │            │       └ {'account': '24', 'password': '423'}
        │            └ <classmethod(<function UsersService.login at 0x0000014D6E6D84C0>)>
        └ <class 'service.usersService.UsersService'>

> File "C:\Users\Lenovo\PycharmProjects\api_project\api\service\usersService.py", line 32, in login
    user_info=commons.query_to_dict(user_info)
              │       │             └ ('24', '423')
              │       └ <function query_to_dict at 0x0000014D6E52A9E0>
              └ <module 'utils.commons' from 'C:\\Users\\Lenovo\\PycharmProjects\\api_project\\api\\utils\\commons.py'>

  File "C:\Users\Lenovo\PycharmProjects\api_project\api\utils\commons.py", line 67, in query_to_dict
    res = dict(zip(models.keys(), models))
                   │              └ ('24', '423')
                   └ ('24', '423')

  File "lib\\sqlalchemy\\cyextension\\resultproxy.pyx", line 60, in sqlalchemy.cyextension.resultproxy.BaseRow.__getattr__
  File "lib\\sqlalchemy\\cyextension\\resultproxy.pyx", line 57, in sqlalchemy.cyextension.resultproxy.BaseRow._get_by_key_impl

  File "C:\Users\Lenovo\AppData\Local\Programs\Python\Python310\lib\site-packages\sqlalchemy\engine\result.py", line 204, in _key_not_found
    raise AttributeError(ke.args[0]) from ke

AttributeError: keys
2023-12-01 20:55:36.266 | ERROR    | utils.loggings:exception:40 - keys
Traceback (most recent call last):

  File "C:\Users\Lenovo\AppData\Local\Programs\Python\Python310\lib\site-packages\sqlalchemy\engine\result.py", line 202, in _key_not_found
    self._key_fallback(key, None)
    │    │             └ 'keys'
    │    └ <function ResultMetaData._key_fallback at 0x0000025ED2EB1AB0>
    └ <sqlalchemy.engine.result.SimpleResultMetaData object at 0x0000025ED35AE500>

  File "C:\Users\Lenovo\AppData\Local\Programs\Python\Python310\lib\site-packages\sqlalchemy\engine\result.py", line 141, in _key_fallback
    raise KeyError(key) from err
                   │         └ None
                   └ 'keys'

KeyError: 'keys'


The above exception was the direct cause of the following exception:


Traceback (most recent call last):

  File "C:\Users\Lenovo\AppData\Local\Programs\Python\Python310\lib\threading.py", line 973, in _bootstrap
    self._bootstrap_inner()
    │    └ <function Thread._bootstrap_inner at 0x0000025ECF74E710>
    └ <Thread(Thread-1 (serve_forever), started daemon 24004)>

  File "C:\Users\Lenovo\AppData\Local\Programs\Python\Python310\lib\threading.py", line 1016, in _bootstrap_inner
    self.run()
    │    └ <function Thread.run at 0x0000025ECF74E440>
    └ <Thread(Thread-1 (serve_forever), started daemon 24004)>

  File "C:\Users\Lenovo\AppData\Local\Programs\Python\Python310\lib\threading.py", line 953, in run
    self._target(*self._args, **self._kwargs)
    │    │        │    │        │    └ {}
    │    │        │    │        └ <Thread(Thread-1 (serve_forever), started daemon 24004)>
    │    │        │    └ ()
    │    │        └ <Thread(Thread-1 (serve_forever), started daemon 24004)>
    │    └ <bound method BaseWSGIServer.serve_forever of <werkzeug.serving.BaseWSGIServer object at 0x0000025ED39B1F30>>
    └ <Thread(Thread-1 (serve_forever), started daemon 24004)>

  File "C:\Users\Lenovo\AppData\Local\Programs\Python\Python310\lib\site-packages\werkzeug\serving.py", line 806, in serve_forever
    super().serve_forever(poll_interval=poll_interval)
                                        └ 0.5

  File "C:\Users\Lenovo\AppData\Local\Programs\Python\Python310\lib\socketserver.py", line 237, in serve_forever
    self._handle_request_noblock()
    │    └ <function BaseServer._handle_request_noblock at 0x0000025ECF74FE20>
    └ <werkzeug.serving.BaseWSGIServer object at 0x0000025ED39B1F30>

  File "C:\Users\Lenovo\AppData\Local\Programs\Python\Python310\lib\socketserver.py", line 316, in _handle_request_noblock
    self.process_request(request, client_address)
    │    │               │        └ ('127.0.0.1', 55083)
    │    │               └ <socket.socket fd=960, family=AddressFamily.AF_INET, type=SocketKind.SOCK_STREAM, proto=0, laddr=('127.0.0.1', 5000), raddr=(...
    │    └ <function BaseServer.process_request at 0x0000025ECF754040>
    └ <werkzeug.serving.BaseWSGIServer object at 0x0000025ED39B1F30>

  File "C:\Users\Lenovo\AppData\Local\Programs\Python\Python310\lib\socketserver.py", line 347, in process_request
    self.finish_request(request, client_address)
    │    │              │        └ ('127.0.0.1', 55083)
    │    │              └ <socket.socket fd=960, family=AddressFamily.AF_INET, type=SocketKind.SOCK_STREAM, proto=0, laddr=('127.0.0.1', 5000), raddr=(...
    │    └ <function BaseServer.finish_request at 0x0000025ECF754160>
    └ <werkzeug.serving.BaseWSGIServer object at 0x0000025ED39B1F30>

  File "C:\Users\Lenovo\AppData\Local\Programs\Python\Python310\lib\socketserver.py", line 360, in finish_request
    self.RequestHandlerClass(request, client_address, self)
    │    │                   │        │               └ <werkzeug.serving.BaseWSGIServer object at 0x0000025ED39B1F30>
    │    │                   │        └ ('127.0.0.1', 55083)
    │    │                   └ <socket.socket fd=960, family=AddressFamily.AF_INET, type=SocketKind.SOCK_STREAM, proto=0, laddr=('127.0.0.1', 5000), raddr=(...
    │    └ <class 'werkzeug.serving.WSGIRequestHandler'>
    └ <werkzeug.serving.BaseWSGIServer object at 0x0000025ED39B1F30>

  File "C:\Users\Lenovo\AppData\Local\Programs\Python\Python310\lib\socketserver.py", line 747, in __init__
    self.handle()
    │    └ <function WSGIRequestHandler.handle at 0x0000025ED14FC790>
    └ <werkzeug.serving.WSGIRequestHandler object at 0x0000025ED39FC280>

  File "C:\Users\Lenovo\AppData\Local\Programs\Python\Python310\lib\site-packages\werkzeug\serving.py", line 390, in handle
    super().handle()

  File "C:\Users\Lenovo\AppData\Local\Programs\Python\Python310\lib\http\server.py", line 432, in handle
    self.handle_one_request()
    │    └ <function BaseHTTPRequestHandler.handle_one_request at 0x0000025ED13457E0>
    └ <werkzeug.serving.WSGIRequestHandler object at 0x0000025ED39FC280>

  File "C:\Users\Lenovo\AppData\Local\Programs\Python\Python310\lib\http\server.py", line 420, in handle_one_request
    method()
    └ <bound method WSGIRequestHandler.run_wsgi of <werkzeug.serving.WSGIRequestHandler object at 0x0000025ED39FC280>>

  File "C:\Users\Lenovo\AppData\Local\Programs\Python\Python310\lib\site-packages\werkzeug\serving.py", line 362, in run_wsgi
    execute(self.server.app)
    │       │    │      └ <werkzeug.debug.DebuggedApplication object at 0x0000025ED398FA00>
    │       │    └ <werkzeug.serving.BaseWSGIServer object at 0x0000025ED39B1F30>
    │       └ <werkzeug.serving.WSGIRequestHandler object at 0x0000025ED39FC280>
    └ <function WSGIRequestHandler.run_wsgi.<locals>.execute at 0x0000025ED3A075B0>

  File "C:\Users\Lenovo\AppData\Local\Programs\Python\Python310\lib\site-packages\werkzeug\serving.py", line 325, in execute
    for data in application_iter:
                └ <generator object DebuggedApplication.debug_application at 0x0000025ED395FB50>

  File "C:\Users\Lenovo\AppData\Local\Programs\Python\Python310\lib\site-packages\werkzeug\debug\__init__.py", line 330, in debug_application
    app_iter = self.app(environ, start_response)
               │    │   │        └ <function WSGIRequestHandler.run_wsgi.<locals>.start_response at 0x0000025ED3A06E60>
               │    │   └ {'wsgi.version': (1, 0), 'wsgi.url_scheme': 'http', 'wsgi.input': <_io.BufferedReader name=960>, 'wsgi.errors': <_io.TextIOWr...
               │    └ <Flask 'app'>
               └ <werkzeug.debug.DebuggedApplication object at 0x0000025ED398FA00>

  File "C:\Users\Lenovo\AppData\Local\Programs\Python\Python310\lib\site-packages\flask\app.py", line 2213, in __call__
    return self.wsgi_app(environ, start_response)
           │    │        │        └ <function WSGIRequestHandler.run_wsgi.<locals>.start_response at 0x0000025ED3A06E60>
           │    │        └ {'wsgi.version': (1, 0), 'wsgi.url_scheme': 'http', 'wsgi.input': <_io.BufferedReader name=960>, 'wsgi.errors': <_io.TextIOWr...
           │    └ <function Flask.wsgi_app at 0x0000025ED1DA7F40>
           └ <Flask 'app'>

  File "C:\Users\Lenovo\AppData\Local\Programs\Python\Python310\lib\site-packages\flask\app.py", line 2190, in wsgi_app
    response = self.full_dispatch_request()
               │    └ <function Flask.full_dispatch_request at 0x0000025ED1DA7490>
               └ <Flask 'app'>

  File "C:\Users\Lenovo\AppData\Local\Programs\Python\Python310\lib\site-packages\flask\app.py", line 1484, in full_dispatch_request
    rv = self.dispatch_request()
         │    └ <function Flask.dispatch_request at 0x0000025ED1DA7400>
         └ <Flask 'app'>

  File "C:\Users\Lenovo\AppData\Local\Programs\Python\Python310\lib\site-packages\flask\app.py", line 1469, in dispatch_request
    return self.ensure_sync(self.view_functions[rule.endpoint])(**view_args)
           │    │           │    │              │    │            └ {}
           │    │           │    │              │    └ 'users.login'
           │    │           │    │              └ <Rule '/api_1_0/users/login' (OPTIONS, POST) -> users.login>
           │    │           │    └ {'static': <function Flask.__init__.<locals>.<lambda> at 0x0000025ED3296F80>, 'apiversion.Apiversion': <function View.as_view...
           │    │           └ <Flask 'app'>
           │    └ <function Flask.ensure_sync at 0x0000025ED1DA76D0>
           └ <Flask 'app'>

  File "C:\Users\Lenovo\PycharmProjects\api_project\api\api_1_0\usersResource\urls.py", line 17, in login
    return UsersOtherResource.login()
           │                  └ <classmethod(<function UsersOtherResource.login at 0x0000025ED364CCA0>)>
           └ <class 'api_1_0.usersResource.usersOtherResource.UsersOtherResource'>

  File "C:\Users\Lenovo\PycharmProjects\api_project\api\api_1_0\usersResource\usersOtherResource.py", line 30, in login
    res=UsersService.login(**kwargs)
        │            │       └ {'account': '24', 'password': '423'}
        │            └ <classmethod(<function UsersService.login at 0x0000025ED364D120>)>
        └ <class 'service.usersService.UsersService'>

> File "C:\Users\Lenovo\PycharmProjects\api_project\api\service\usersService.py", line 32, in login
    user_info=commons.query_to_dict(user_info)
              │       │             └ ('24', '423')
              │       └ <function query_to_dict at 0x0000025ED34CDB40>
              └ <module 'utils.commons' from 'C:\\Users\\Lenovo\\PycharmProjects\\api_project\\api\\utils\\commons.py'>

  File "C:\Users\Lenovo\PycharmProjects\api_project\api\utils\commons.py", line 67, in query_to_dict
    res = dict(zip(models.keys(), models))
                   │              └ ('24', '423')
                   └ ('24', '423')

  File "lib\\sqlalchemy\\cyextension\\resultproxy.pyx", line 60, in sqlalchemy.cyextension.resultproxy.BaseRow.__getattr__
  File "lib\\sqlalchemy\\cyextension\\resultproxy.pyx", line 57, in sqlalchemy.cyextension.resultproxy.BaseRow._get_by_key_impl

  File "C:\Users\Lenovo\AppData\Local\Programs\Python\Python310\lib\site-packages\sqlalchemy\engine\result.py", line 204, in _key_not_found
    raise AttributeError(ke.args[0]) from ke

AttributeError: keys
2023-12-01 20:56:01.326 | ERROR    | utils.loggings:exception:40 - keys
Traceback (most recent call last):

  File "C:\Users\Lenovo\AppData\Local\Programs\Python\Python310\lib\site-packages\sqlalchemy\engine\result.py", line 202, in _key_not_found
    self._key_fallback(key, None)
    │    │             └ 'keys'
    │    └ <function ResultMetaData._key_fallback at 0x000001BAB7DF1FC0>
    └ <sqlalchemy.engine.result.SimpleResultMetaData object at 0x000001BAB9AD9EA0>

  File "C:\Users\Lenovo\AppData\Local\Programs\Python\Python310\lib\site-packages\sqlalchemy\engine\result.py", line 141, in _key_fallback
    raise KeyError(key) from err
                   │         └ None
                   └ 'keys'

KeyError: 'keys'


The above exception was the direct cause of the following exception:


Traceback (most recent call last):

  File "E:\pycharm\PyCharm2023.2.4\plugins\python\helpers\pydev\_pydev_bundle\pydev_monkey.py", line 805, in __call__
    ret = self.original_func(*self.args, **self.kwargs)
          │    │              │    │       │    └ {}
          │    │              │    │       └ <_pydev_bundle.pydev_monkey._NewThreadStartupWithTrace object at 0x000001BAB99731C0>
          │    │              │    └ ()
          │    │              └ <_pydev_bundle.pydev_monkey._NewThreadStartupWithTrace object at 0x000001BAB99731C0>
          │    └ <bound method Thread._bootstrap of <Thread(Thread-5 (serve_forever), started daemon 26112)>>
          └ <_pydev_bundle.pydev_monkey._NewThreadStartupWithTrace object at 0x000001BAB99731C0>

  File "C:\Users\Lenovo\AppData\Local\Programs\Python\Python310\lib\threading.py", line 973, in _bootstrap
    self._bootstrap_inner()
    │    └ <function Thread._bootstrap_inner at 0x000001BAB43BEE60>
    └ <Thread(Thread-5 (serve_forever), started daemon 26112)>

  File "C:\Users\Lenovo\AppData\Local\Programs\Python\Python310\lib\threading.py", line 1016, in _bootstrap_inner
    self.run()
    │    └ <function Thread.run at 0x000001BAB43BEB90>
    └ <Thread(Thread-5 (serve_forever), started daemon 26112)>

  File "C:\Users\Lenovo\AppData\Local\Programs\Python\Python310\lib\threading.py", line 953, in run
    self._target(*self._args, **self._kwargs)
    │    │        │    │        │    └ {}
    │    │        │    │        └ <Thread(Thread-5 (serve_forever), started daemon 26112)>
    │    │        │    └ ()
    │    │        └ <Thread(Thread-5 (serve_forever), started daemon 26112)>
    │    └ <bound method BaseWSGIServer.serve_forever of <werkzeug.serving.BaseWSGIServer object at 0x000001BAB7151C30>>
    └ <Thread(Thread-5 (serve_forever), started daemon 26112)>

  File "C:\Users\Lenovo\AppData\Local\Programs\Python\Python310\lib\site-packages\werkzeug\serving.py", line 806, in serve_forever
    super().serve_forever(poll_interval=poll_interval)
                                        └ 0.5

  File "C:\Users\Lenovo\AppData\Local\Programs\Python\Python310\lib\socketserver.py", line 237, in serve_forever
    self._handle_request_noblock()
    │    └ <function BaseServer._handle_request_noblock at 0x000001BAB4A87E20>
    └ <werkzeug.serving.BaseWSGIServer object at 0x000001BAB7151C30>

  File "C:\Users\Lenovo\AppData\Local\Programs\Python\Python310\lib\socketserver.py", line 316, in _handle_request_noblock
    self.process_request(request, client_address)
    │    │               │        └ ('127.0.0.1', 55097)
    │    │               └ <socket.socket fd=876, family=AddressFamily.AF_INET, type=SocketKind.SOCK_STREAM, proto=0, laddr=('127.0.0.1', 5000), raddr=(...
    │    └ <function BaseServer.process_request at 0x000001BAB62D8040>
    └ <werkzeug.serving.BaseWSGIServer object at 0x000001BAB7151C30>

  File "C:\Users\Lenovo\AppData\Local\Programs\Python\Python310\lib\socketserver.py", line 347, in process_request
    self.finish_request(request, client_address)
    │    │              │        └ ('127.0.0.1', 55097)
    │    │              └ <socket.socket fd=876, family=AddressFamily.AF_INET, type=SocketKind.SOCK_STREAM, proto=0, laddr=('127.0.0.1', 5000), raddr=(...
    │    └ <function BaseServer.finish_request at 0x000001BAB62D8160>
    └ <werkzeug.serving.BaseWSGIServer object at 0x000001BAB7151C30>

  File "C:\Users\Lenovo\AppData\Local\Programs\Python\Python310\lib\socketserver.py", line 360, in finish_request
    self.RequestHandlerClass(request, client_address, self)
    │    │                   │        │               └ <werkzeug.serving.BaseWSGIServer object at 0x000001BAB7151C30>
    │    │                   │        └ ('127.0.0.1', 55097)
    │    │                   └ <socket.socket fd=876, family=AddressFamily.AF_INET, type=SocketKind.SOCK_STREAM, proto=0, laddr=('127.0.0.1', 5000), raddr=(...
    │    └ <class 'werkzeug.serving.WSGIRequestHandler'>
    └ <werkzeug.serving.BaseWSGIServer object at 0x000001BAB7151C30>

  File "C:\Users\Lenovo\AppData\Local\Programs\Python\Python310\lib\socketserver.py", line 747, in __init__
    self.handle()
    │    └ <function WSGIRequestHandler.handle at 0x000001BAB72D1AB0>
    └ <werkzeug.serving.WSGIRequestHandler object at 0x000001BAB9946920>

  File "C:\Users\Lenovo\AppData\Local\Programs\Python\Python310\lib\site-packages\werkzeug\serving.py", line 390, in handle
    super().handle()

  File "C:\Users\Lenovo\AppData\Local\Programs\Python\Python310\lib\http\server.py", line 432, in handle
    self.handle_one_request()
    │    └ <function BaseHTTPRequestHandler.handle_one_request at 0x000001BAB62D9870>
    └ <werkzeug.serving.WSGIRequestHandler object at 0x000001BAB9946920>

  File "C:\Users\Lenovo\AppData\Local\Programs\Python\Python310\lib\http\server.py", line 420, in handle_one_request
    method()
    └ <bound method WSGIRequestHandler.run_wsgi of <werkzeug.serving.WSGIRequestHandler object at 0x000001BAB9946920>>

  File "C:\Users\Lenovo\AppData\Local\Programs\Python\Python310\lib\site-packages\werkzeug\serving.py", line 362, in run_wsgi
    execute(self.server.app)
    │       │    │      └ <werkzeug.debug.DebuggedApplication object at 0x000001BAB9946DD0>
    │       │    └ <werkzeug.serving.BaseWSGIServer object at 0x000001BAB7151C30>
    │       └ <werkzeug.serving.WSGIRequestHandler object at 0x000001BAB9946920>
    └ <function WSGIRequestHandler.run_wsgi.<locals>.execute at 0x000001BAB9A75480>

  File "C:\Users\Lenovo\AppData\Local\Programs\Python\Python310\lib\site-packages\werkzeug\serving.py", line 325, in execute
    for data in application_iter:
                └ <generator object DebuggedApplication.debug_application at 0x000001BAB97FF220>

  File "C:\Users\Lenovo\AppData\Local\Programs\Python\Python310\lib\site-packages\werkzeug\debug\__init__.py", line 330, in debug_application
    app_iter = self.app(environ, start_response)
               │    │   │        └ <function WSGIRequestHandler.run_wsgi.<locals>.start_response at 0x000001BAB9A75360>
               │    │   └ {'wsgi.version': (1, 0), 'wsgi.url_scheme': 'http', 'wsgi.input': <_io.BufferedReader name=876>, 'wsgi.errors': <_io.TextIOWr...
               │    └ <Flask 'app'>
               └ <werkzeug.debug.DebuggedApplication object at 0x000001BAB9946DD0>

  File "C:\Users\Lenovo\AppData\Local\Programs\Python\Python310\lib\site-packages\flask\app.py", line 2213, in __call__
    return self.wsgi_app(environ, start_response)
           │    │        │        └ <function WSGIRequestHandler.run_wsgi.<locals>.start_response at 0x000001BAB9A75360>
           │    │        └ {'wsgi.version': (1, 0), 'wsgi.url_scheme': 'http', 'wsgi.input': <_io.BufferedReader name=876>, 'wsgi.errors': <_io.TextIOWr...
           │    └ <function Flask.wsgi_app at 0x000001BAB762BC70>
           └ <Flask 'app'>

  File "C:\Users\Lenovo\AppData\Local\Programs\Python\Python310\lib\site-packages\flask\app.py", line 2190, in wsgi_app
    response = self.full_dispatch_request()
               │    └ <function Flask.full_dispatch_request at 0x000001BAB762B1C0>
               └ <Flask 'app'>

  File "C:\Users\Lenovo\AppData\Local\Programs\Python\Python310\lib\site-packages\flask\app.py", line 1484, in full_dispatch_request
    rv = self.dispatch_request()
         │    └ <function Flask.dispatch_request at 0x000001BAB762B130>
         └ <Flask 'app'>

  File "C:\Users\Lenovo\AppData\Local\Programs\Python\Python310\lib\site-packages\flask\app.py", line 1469, in dispatch_request
    return self.ensure_sync(self.view_functions[rule.endpoint])(**view_args)
           │    │           │    │              │    │            └ {}
           │    │           │    │              │    └ 'users.login'
           │    │           │    │              └ <Rule '/api_1_0/users/login' (POST, OPTIONS) -> users.login>
           │    │           │    └ {'static': <function Flask.__init__.<locals>.<lambda> at 0x000001BAB82127A0>, 'apiversion.Apiversion': <function View.as_view...
           │    │           └ <Flask 'app'>
           │    └ <function Flask.ensure_sync at 0x000001BAB762B400>
           └ <Flask 'app'>

  File "C:\Users\Lenovo\PycharmProjects\api_project\api\api_1_0\usersResource\urls.py", line 17, in login
    return UsersOtherResource.login()
           │                  └ <classmethod(<function UsersOtherResource.login at 0x000001BAB95CC040>)>
           └ <class 'api_1_0.usersResource.usersOtherResource.UsersOtherResource'>

  File "C:\Users\Lenovo\PycharmProjects\api_project\api\api_1_0\usersResource\usersOtherResource.py", line 30, in login
    res=UsersService.login(**kwargs)
        │            │       └ {'account': '24', 'password': '423'}
        │            └ <classmethod(<function UsersService.login at 0x000001BAB95CC5E0>)>
        └ <class 'service.usersService.UsersService'>

> File "C:\Users\Lenovo\PycharmProjects\api_project\api\service\usersService.py", line 32, in login
    user_info=commons.query_to_dict(user_info)
              │       │             └ ('24', '423')
              │       └ <function query_to_dict at 0x000001BAB941AB00>
              └ <module 'utils.commons' from 'C:\\Users\\Lenovo\\PycharmProjects\\api_project\\api\\utils\\commons.py'>

  File "C:\Users\Lenovo\PycharmProjects\api_project\api\utils\commons.py", line 67, in query_to_dict
    res = dict(zip(models.keys(), models))
                   │              └ ('24', '423')
                   └ ('24', '423')

  File "lib\\sqlalchemy\\cyextension\\resultproxy.pyx", line 60, in sqlalchemy.cyextension.resultproxy.BaseRow.__getattr__
  File "lib\\sqlalchemy\\cyextension\\resultproxy.pyx", line 57, in sqlalchemy.cyextension.resultproxy.BaseRow._get_by_key_impl

  File "C:\Users\Lenovo\AppData\Local\Programs\Python\Python310\lib\site-packages\sqlalchemy\engine\result.py", line 204, in _key_not_found
    raise AttributeError(ke.args[0]) from ke

AttributeError: keys
2023-12-01 20:57:37.216 | ERROR    | utils.loggings:exception:40 - tuple indices must be integers or slices, not str
Traceback (most recent call last):

  File "C:\Users\Lenovo\AppData\Local\Programs\Python\Python310\lib\threading.py", line 973, in _bootstrap
    self._bootstrap_inner()
    │    └ <function Thread._bootstrap_inner at 0x0000020A444BE710>
    └ <Thread(Thread-1 (serve_forever), started daemon 16728)>

  File "C:\Users\Lenovo\AppData\Local\Programs\Python\Python310\lib\threading.py", line 1016, in _bootstrap_inner
    self.run()
    │    └ <function Thread.run at 0x0000020A444BE440>
    └ <Thread(Thread-1 (serve_forever), started daemon 16728)>

  File "C:\Users\Lenovo\AppData\Local\Programs\Python\Python310\lib\threading.py", line 953, in run
    self._target(*self._args, **self._kwargs)
    │    │        │    │        │    └ {}
    │    │        │    │        └ <Thread(Thread-1 (serve_forever), started daemon 16728)>
    │    │        │    └ ()
    │    │        └ <Thread(Thread-1 (serve_forever), started daemon 16728)>
    │    └ <bound method BaseWSGIServer.serve_forever of <werkzeug.serving.BaseWSGIServer object at 0x0000020A486E1F30>>
    └ <Thread(Thread-1 (serve_forever), started daemon 16728)>

  File "C:\Users\Lenovo\AppData\Local\Programs\Python\Python310\lib\site-packages\werkzeug\serving.py", line 806, in serve_forever
    super().serve_forever(poll_interval=poll_interval)
                                        └ 0.5

  File "C:\Users\Lenovo\AppData\Local\Programs\Python\Python310\lib\socketserver.py", line 237, in serve_forever
    self._handle_request_noblock()
    │    └ <function BaseServer._handle_request_noblock at 0x0000020A444BFE20>
    └ <werkzeug.serving.BaseWSGIServer object at 0x0000020A486E1F30>

  File "C:\Users\Lenovo\AppData\Local\Programs\Python\Python310\lib\socketserver.py", line 316, in _handle_request_noblock
    self.process_request(request, client_address)
    │    │               │        └ ('127.0.0.1', 55141)
    │    │               └ <socket.socket fd=940, family=AddressFamily.AF_INET, type=SocketKind.SOCK_STREAM, proto=0, laddr=('127.0.0.1', 5000), raddr=(...
    │    └ <function BaseServer.process_request at 0x0000020A444C4040>
    └ <werkzeug.serving.BaseWSGIServer object at 0x0000020A486E1F30>

  File "C:\Users\Lenovo\AppData\Local\Programs\Python\Python310\lib\socketserver.py", line 347, in process_request
    self.finish_request(request, client_address)
    │    │              │        └ ('127.0.0.1', 55141)
    │    │              └ <socket.socket fd=940, family=AddressFamily.AF_INET, type=SocketKind.SOCK_STREAM, proto=0, laddr=('127.0.0.1', 5000), raddr=(...
    │    └ <function BaseServer.finish_request at 0x0000020A444C4160>
    └ <werkzeug.serving.BaseWSGIServer object at 0x0000020A486E1F30>

  File "C:\Users\Lenovo\AppData\Local\Programs\Python\Python310\lib\socketserver.py", line 360, in finish_request
    self.RequestHandlerClass(request, client_address, self)
    │    │                   │        │               └ <werkzeug.serving.BaseWSGIServer object at 0x0000020A486E1F30>
    │    │                   │        └ ('127.0.0.1', 55141)
    │    │                   └ <socket.socket fd=940, family=AddressFamily.AF_INET, type=SocketKind.SOCK_STREAM, proto=0, laddr=('127.0.0.1', 5000), raddr=(...
    │    └ <class 'werkzeug.serving.WSGIRequestHandler'>
    └ <werkzeug.serving.BaseWSGIServer object at 0x0000020A486E1F30>

  File "C:\Users\Lenovo\AppData\Local\Programs\Python\Python310\lib\socketserver.py", line 747, in __init__
    self.handle()
    │    └ <function WSGIRequestHandler.handle at 0x0000020A4622C790>
    └ <werkzeug.serving.WSGIRequestHandler object at 0x0000020A48728190>

  File "C:\Users\Lenovo\AppData\Local\Programs\Python\Python310\lib\site-packages\werkzeug\serving.py", line 390, in handle
    super().handle()

  File "C:\Users\Lenovo\AppData\Local\Programs\Python\Python310\lib\http\server.py", line 432, in handle
    self.handle_one_request()
    │    └ <function BaseHTTPRequestHandler.handle_one_request at 0x0000020A460757E0>
    └ <werkzeug.serving.WSGIRequestHandler object at 0x0000020A48728190>

  File "C:\Users\Lenovo\AppData\Local\Programs\Python\Python310\lib\http\server.py", line 420, in handle_one_request
    method()
    └ <bound method WSGIRequestHandler.run_wsgi of <werkzeug.serving.WSGIRequestHandler object at 0x0000020A48728190>>

  File "C:\Users\Lenovo\AppData\Local\Programs\Python\Python310\lib\site-packages\werkzeug\serving.py", line 362, in run_wsgi
    execute(self.server.app)
    │       │    │      └ <werkzeug.debug.DebuggedApplication object at 0x0000020A486BBA00>
    │       │    └ <werkzeug.serving.BaseWSGIServer object at 0x0000020A486E1F30>
    │       └ <werkzeug.serving.WSGIRequestHandler object at 0x0000020A48728190>
    └ <function WSGIRequestHandler.run_wsgi.<locals>.execute at 0x0000020A487372E0>

  File "C:\Users\Lenovo\AppData\Local\Programs\Python\Python310\lib\site-packages\werkzeug\serving.py", line 325, in execute
    for data in application_iter:
                └ <generator object DebuggedApplication.debug_application at 0x0000020A4868B7D0>

  File "C:\Users\Lenovo\AppData\Local\Programs\Python\Python310\lib\site-packages\werkzeug\debug\__init__.py", line 330, in debug_application
    app_iter = self.app(environ, start_response)
               │    │   │        └ <function WSGIRequestHandler.run_wsgi.<locals>.start_response at 0x0000020A48736710>
               │    │   └ {'wsgi.version': (1, 0), 'wsgi.url_scheme': 'http', 'wsgi.input': <_io.BufferedReader name=940>, 'wsgi.errors': <_io.TextIOWr...
               │    └ <Flask 'app'>
               └ <werkzeug.debug.DebuggedApplication object at 0x0000020A486BBA00>

  File "C:\Users\Lenovo\AppData\Local\Programs\Python\Python310\lib\site-packages\flask\app.py", line 2213, in __call__
    return self.wsgi_app(environ, start_response)
           │    │        │        └ <function WSGIRequestHandler.run_wsgi.<locals>.start_response at 0x0000020A48736710>
           │    │        └ {'wsgi.version': (1, 0), 'wsgi.url_scheme': 'http', 'wsgi.input': <_io.BufferedReader name=940>, 'wsgi.errors': <_io.TextIOWr...
           │    └ <function Flask.wsgi_app at 0x0000020A46AD7F40>
           └ <Flask 'app'>

  File "C:\Users\Lenovo\AppData\Local\Programs\Python\Python310\lib\site-packages\flask\app.py", line 2190, in wsgi_app
    response = self.full_dispatch_request()
               │    └ <function Flask.full_dispatch_request at 0x0000020A46AD7490>
               └ <Flask 'app'>

  File "C:\Users\Lenovo\AppData\Local\Programs\Python\Python310\lib\site-packages\flask\app.py", line 1484, in full_dispatch_request
    rv = self.dispatch_request()
         │    └ <function Flask.dispatch_request at 0x0000020A46AD7400>
         └ <Flask 'app'>

  File "C:\Users\Lenovo\AppData\Local\Programs\Python\Python310\lib\site-packages\flask\app.py", line 1469, in dispatch_request
    return self.ensure_sync(self.view_functions[rule.endpoint])(**view_args)
           │    │           │    │              │    │            └ {}
           │    │           │    │              │    └ 'users.login'
           │    │           │    │              └ <Rule '/api_1_0/users/login' (POST, OPTIONS) -> users.login>
           │    │           │    └ {'static': <function Flask.__init__.<locals>.<lambda> at 0x0000020A47FC6F80>, 'apiversion.Apiversion': <function View.as_view...
           │    │           └ <Flask 'app'>
           │    └ <function Flask.ensure_sync at 0x0000020A46AD76D0>
           └ <Flask 'app'>

  File "C:\Users\Lenovo\PycharmProjects\api_project\api\api_1_0\usersResource\urls.py", line 17, in login
    return UsersOtherResource.login()
           │                  └ <classmethod(<function UsersOtherResource.login at 0x0000020A4837CCA0>)>
           └ <class 'api_1_0.usersResource.usersOtherResource.UsersOtherResource'>

  File "C:\Users\Lenovo\PycharmProjects\api_project\api\api_1_0\usersResource\usersOtherResource.py", line 30, in login
    res=UsersService.login(**kwargs)
        │            │       └ {'account': '24', 'password': '423'}
        │            └ <classmethod(<function UsersService.login at 0x0000020A4837D120>)>
        └ <class 'service.usersService.UsersService'>

> File "C:\Users\Lenovo\PycharmProjects\api_project\api\service\usersService.py", line 32, in login
    if not user_info[password]==password:
           │         │          └ '423'
           │         └ '423'
           └ ('24', '423')

  File "lib\\sqlalchemy\\cyextension\\resultproxy.pyx", line 48, in sqlalchemy.cyextension.resultproxy.BaseRow.__getitem__

TypeError: tuple indices must be integers or slices, not str
2023-12-01 20:58:31.284 | ERROR    | utils.loggings:exception:40 - tuple indices must be integers or slices, not str
Traceback (most recent call last):

  File "E:\pycharm\PyCharm2023.2.4\plugins\python\helpers\pydev\_pydev_bundle\pydev_monkey.py", line 805, in __call__
    ret = self.original_func(*self.args, **self.kwargs)
          │    │              │    │       │    └ {}
          │    │              │    │       └ <_pydev_bundle.pydev_monkey._NewThreadStartupWithTrace object at 0x00000200FC4731F0>
          │    │              │    └ ()
          │    │              └ <_pydev_bundle.pydev_monkey._NewThreadStartupWithTrace object at 0x00000200FC4731F0>
          │    └ <bound method Thread._bootstrap of <Thread(Thread-5 (serve_forever), started daemon 22608)>>
          └ <_pydev_bundle.pydev_monkey._NewThreadStartupWithTrace object at 0x00000200FC4731F0>

  File "C:\Users\Lenovo\AppData\Local\Programs\Python\Python310\lib\threading.py", line 973, in _bootstrap
    self._bootstrap_inner()
    │    └ <function Thread._bootstrap_inner at 0x00000200F6F1EE60>
    └ <Thread(Thread-5 (serve_forever), started daemon 22608)>

  File "C:\Users\Lenovo\AppData\Local\Programs\Python\Python310\lib\threading.py", line 1016, in _bootstrap_inner
    self.run()
    │    └ <function Thread.run at 0x00000200F6F1EB90>
    └ <Thread(Thread-5 (serve_forever), started daemon 22608)>

  File "C:\Users\Lenovo\AppData\Local\Programs\Python\Python310\lib\threading.py", line 953, in run
    self._target(*self._args, **self._kwargs)
    │    │        │    │        │    └ {}
    │    │        │    │        └ <Thread(Thread-5 (serve_forever), started daemon 22608)>
    │    │        │    └ ()
    │    │        └ <Thread(Thread-5 (serve_forever), started daemon 22608)>
    │    └ <bound method BaseWSGIServer.serve_forever of <werkzeug.serving.BaseWSGIServer object at 0x00000200F9C51C60>>
    └ <Thread(Thread-5 (serve_forever), started daemon 22608)>

  File "C:\Users\Lenovo\AppData\Local\Programs\Python\Python310\lib\site-packages\werkzeug\serving.py", line 806, in serve_forever
    super().serve_forever(poll_interval=poll_interval)
                                        └ 0.5

  File "C:\Users\Lenovo\AppData\Local\Programs\Python\Python310\lib\socketserver.py", line 237, in serve_forever
    self._handle_request_noblock()
    │    └ <function BaseServer._handle_request_noblock at 0x00000200F7597E20>
    └ <werkzeug.serving.BaseWSGIServer object at 0x00000200F9C51C60>

  File "C:\Users\Lenovo\AppData\Local\Programs\Python\Python310\lib\socketserver.py", line 316, in _handle_request_noblock
    self.process_request(request, client_address)
    │    │               │        └ ('127.0.0.1', 55169)
    │    │               └ <socket.socket fd=1144, family=AddressFamily.AF_INET, type=SocketKind.SOCK_STREAM, proto=0, laddr=('127.0.0.1', 5000), raddr=...
    │    └ <function BaseServer.process_request at 0x00000200F8DD8040>
    └ <werkzeug.serving.BaseWSGIServer object at 0x00000200F9C51C60>

  File "C:\Users\Lenovo\AppData\Local\Programs\Python\Python310\lib\socketserver.py", line 347, in process_request
    self.finish_request(request, client_address)
    │    │              │        └ ('127.0.0.1', 55169)
    │    │              └ <socket.socket fd=1144, family=AddressFamily.AF_INET, type=SocketKind.SOCK_STREAM, proto=0, laddr=('127.0.0.1', 5000), raddr=...
    │    └ <function BaseServer.finish_request at 0x00000200F8DD8160>
    └ <werkzeug.serving.BaseWSGIServer object at 0x00000200F9C51C60>

  File "C:\Users\Lenovo\AppData\Local\Programs\Python\Python310\lib\socketserver.py", line 360, in finish_request
    self.RequestHandlerClass(request, client_address, self)
    │    │                   │        │               └ <werkzeug.serving.BaseWSGIServer object at 0x00000200F9C51C60>
    │    │                   │        └ ('127.0.0.1', 55169)
    │    │                   └ <socket.socket fd=1144, family=AddressFamily.AF_INET, type=SocketKind.SOCK_STREAM, proto=0, laddr=('127.0.0.1', 5000), raddr=...
    │    └ <class 'werkzeug.serving.WSGIRequestHandler'>
    └ <werkzeug.serving.BaseWSGIServer object at 0x00000200F9C51C60>

  File "C:\Users\Lenovo\AppData\Local\Programs\Python\Python310\lib\socketserver.py", line 747, in __init__
    self.handle()
    │    └ <function WSGIRequestHandler.handle at 0x00000200F9DD5AB0>
    └ <werkzeug.serving.WSGIRequestHandler object at 0x00000200FC446AD0>

  File "C:\Users\Lenovo\AppData\Local\Programs\Python\Python310\lib\site-packages\werkzeug\serving.py", line 390, in handle
    super().handle()

  File "C:\Users\Lenovo\AppData\Local\Programs\Python\Python310\lib\http\server.py", line 432, in handle
    self.handle_one_request()
    │    └ <function BaseHTTPRequestHandler.handle_one_request at 0x00000200F8DD9870>
    └ <werkzeug.serving.WSGIRequestHandler object at 0x00000200FC446AD0>

  File "C:\Users\Lenovo\AppData\Local\Programs\Python\Python310\lib\http\server.py", line 420, in handle_one_request
    method()
    └ <bound method WSGIRequestHandler.run_wsgi of <werkzeug.serving.WSGIRequestHandler object at 0x00000200FC446AD0>>

  File "C:\Users\Lenovo\AppData\Local\Programs\Python\Python310\lib\site-packages\werkzeug\serving.py", line 362, in run_wsgi
    execute(self.server.app)
    │       │    │      └ <werkzeug.debug.DebuggedApplication object at 0x00000200FC446E00>
    │       │    └ <werkzeug.serving.BaseWSGIServer object at 0x00000200F9C51C60>
    │       └ <werkzeug.serving.WSGIRequestHandler object at 0x00000200FC446AD0>
    └ <function WSGIRequestHandler.run_wsgi.<locals>.execute at 0x00000200FC557C70>

  File "C:\Users\Lenovo\AppData\Local\Programs\Python\Python310\lib\site-packages\werkzeug\serving.py", line 325, in execute
    for data in application_iter:
                └ <generator object DebuggedApplication.debug_application at 0x00000200FC3F31B0>

  File "C:\Users\Lenovo\AppData\Local\Programs\Python\Python310\lib\site-packages\werkzeug\debug\__init__.py", line 330, in debug_application
    app_iter = self.app(environ, start_response)
               │    │   │        └ <function WSGIRequestHandler.run_wsgi.<locals>.start_response at 0x00000200FC556710>
               │    │   └ {'wsgi.version': (1, 0), 'wsgi.url_scheme': 'http', 'wsgi.input': <_io.BufferedReader name=1144>, 'wsgi.errors': <_io.TextIOW...
               │    └ <Flask 'app'>
               └ <werkzeug.debug.DebuggedApplication object at 0x00000200FC446E00>

  File "C:\Users\Lenovo\AppData\Local\Programs\Python\Python310\lib\site-packages\flask\app.py", line 2213, in __call__
    return self.wsgi_app(environ, start_response)
           │    │        │        └ <function WSGIRequestHandler.run_wsgi.<locals>.start_response at 0x00000200FC556710>
           │    │        └ {'wsgi.version': (1, 0), 'wsgi.url_scheme': 'http', 'wsgi.input': <_io.BufferedReader name=1144>, 'wsgi.errors': <_io.TextIOW...
           │    └ <function Flask.wsgi_app at 0x00000200FA113C70>
           └ <Flask 'app'>

  File "C:\Users\Lenovo\AppData\Local\Programs\Python\Python310\lib\site-packages\flask\app.py", line 2190, in wsgi_app
    response = self.full_dispatch_request()
               │    └ <function Flask.full_dispatch_request at 0x00000200FA1131C0>
               └ <Flask 'app'>

  File "C:\Users\Lenovo\AppData\Local\Programs\Python\Python310\lib\site-packages\flask\app.py", line 1484, in full_dispatch_request
    rv = self.dispatch_request()
         │    └ <function Flask.dispatch_request at 0x00000200FA113130>
         └ <Flask 'app'>

  File "C:\Users\Lenovo\AppData\Local\Programs\Python\Python310\lib\site-packages\flask\app.py", line 1469, in dispatch_request
    return self.ensure_sync(self.view_functions[rule.endpoint])(**view_args)
           │    │           │    │              │    │            └ {}
           │    │           │    │              │    └ 'users.login'
           │    │           │    │              └ <Rule '/api_1_0/users/login' (POST, OPTIONS) -> users.login>
           │    │           │    └ {'static': <function Flask.__init__.<locals>.<lambda> at 0x00000200FAD167A0>, 'apiversion.Apiversion': <function View.as_view...
           │    │           └ <Flask 'app'>
           │    └ <function Flask.ensure_sync at 0x00000200FA113400>
           └ <Flask 'app'>

  File "C:\Users\Lenovo\PycharmProjects\api_project\api\api_1_0\usersResource\urls.py", line 17, in login
    return UsersOtherResource.login()
           │                  └ <classmethod(<function UsersOtherResource.login at 0x00000200FC0CC040>)>
           └ <class 'api_1_0.usersResource.usersOtherResource.UsersOtherResource'>

  File "C:\Users\Lenovo\PycharmProjects\api_project\api\api_1_0\usersResource\usersOtherResource.py", line 30, in login
    res=UsersService.login(**kwargs)
        │            │       └ {'account': '24', 'password': '423'}
        │            └ <classmethod(<function UsersService.login at 0x00000200FC0CC5E0>)>
        └ <class 'service.usersService.UsersService'>

> File "C:\Users\Lenovo\PycharmProjects\api_project\api\service\usersService.py", line 32, in login
    if not user_info[password]==password:
           │         │          └ '423'
           │         └ '423'
           └ ('24', '423')

  File "lib\\sqlalchemy\\cyextension\\resultproxy.pyx", line 48, in sqlalchemy.cyextension.resultproxy.BaseRow.__getitem__

TypeError: tuple indices must be integers or slices, not str
2023-12-01 20:58:52.335 | ERROR    | utils.loggings:exception:40 - keys
Traceback (most recent call last):

  File "C:\Users\Lenovo\AppData\Local\Programs\Python\Python310\lib\site-packages\sqlalchemy\engine\result.py", line 202, in _key_not_found
    self._key_fallback(key, None)
    │    │             └ 'keys'
    │    └ <function ResultMetaData._key_fallback at 0x00000264D1E0DFC0>
    └ <sqlalchemy.engine.result.SimpleResultMetaData object at 0x00000264D3585BA0>

  File "C:\Users\Lenovo\AppData\Local\Programs\Python\Python310\lib\site-packages\sqlalchemy\engine\result.py", line 141, in _key_fallback
    raise KeyError(key) from err
                   │         └ None
                   └ 'keys'

KeyError: 'keys'


The above exception was the direct cause of the following exception:


Traceback (most recent call last):

  File "E:\pycharm\PyCharm2023.2.4\plugins\python\helpers\pydev\_pydev_bundle\pydev_monkey.py", line 805, in __call__
    ret = self.original_func(*self.args, **self.kwargs)
          │    │              │    │       │    └ {}
          │    │              │    │       └ <_pydev_bundle.pydev_monkey._NewThreadStartupWithTrace object at 0x00000264D39931C0>
          │    │              │    └ ()
          │    │              └ <_pydev_bundle.pydev_monkey._NewThreadStartupWithTrace object at 0x00000264D39931C0>
          │    └ <bound method Thread._bootstrap of <Thread(Thread-5 (serve_forever), started daemon 22372)>>
          └ <_pydev_bundle.pydev_monkey._NewThreadStartupWithTrace object at 0x00000264D39931C0>

  File "C:\Users\Lenovo\AppData\Local\Programs\Python\Python310\lib\threading.py", line 973, in _bootstrap
    self._bootstrap_inner()
    │    └ <function Thread._bootstrap_inner at 0x00000264CE3FEE60>
    └ <Thread(Thread-5 (serve_forever), started daemon 22372)>

  File "C:\Users\Lenovo\AppData\Local\Programs\Python\Python310\lib\threading.py", line 1016, in _bootstrap_inner
    self.run()
    │    └ <function Thread.run at 0x00000264CE3FEB90>
    └ <Thread(Thread-5 (serve_forever), started daemon 22372)>

  File "C:\Users\Lenovo\AppData\Local\Programs\Python\Python310\lib\threading.py", line 953, in run
    self._target(*self._args, **self._kwargs)
    │    │        │    │        │    └ {}
    │    │        │    │        └ <Thread(Thread-5 (serve_forever), started daemon 22372)>
    │    │        │    └ ()
    │    │        └ <Thread(Thread-5 (serve_forever), started daemon 22372)>
    │    └ <bound method BaseWSGIServer.serve_forever of <werkzeug.serving.BaseWSGIServer object at 0x00000264D1171C30>>
    └ <Thread(Thread-5 (serve_forever), started daemon 22372)>

  File "C:\Users\Lenovo\AppData\Local\Programs\Python\Python310\lib\site-packages\werkzeug\serving.py", line 806, in serve_forever
    super().serve_forever(poll_interval=poll_interval)
                                        └ 0.5

  File "C:\Users\Lenovo\AppData\Local\Programs\Python\Python310\lib\socketserver.py", line 237, in serve_forever
    self._handle_request_noblock()
    │    └ <function BaseServer._handle_request_noblock at 0x00000264CEAA7E20>
    └ <werkzeug.serving.BaseWSGIServer object at 0x00000264D1171C30>

  File "C:\Users\Lenovo\AppData\Local\Programs\Python\Python310\lib\socketserver.py", line 316, in _handle_request_noblock
    self.process_request(request, client_address)
    │    │               │        └ ('127.0.0.1', 55179)
    │    │               └ <socket.socket fd=896, family=AddressFamily.AF_INET, type=SocketKind.SOCK_STREAM, proto=0, laddr=('127.0.0.1', 5000), raddr=(...
    │    └ <function BaseServer.process_request at 0x00000264D02F8040>
    └ <werkzeug.serving.BaseWSGIServer object at 0x00000264D1171C30>

  File "C:\Users\Lenovo\AppData\Local\Programs\Python\Python310\lib\socketserver.py", line 347, in process_request
    self.finish_request(request, client_address)
    │    │              │        └ ('127.0.0.1', 55179)
    │    │              └ <socket.socket fd=896, family=AddressFamily.AF_INET, type=SocketKind.SOCK_STREAM, proto=0, laddr=('127.0.0.1', 5000), raddr=(...
    │    └ <function BaseServer.finish_request at 0x00000264D02F8160>
    └ <werkzeug.serving.BaseWSGIServer object at 0x00000264D1171C30>

  File "C:\Users\Lenovo\AppData\Local\Programs\Python\Python310\lib\socketserver.py", line 360, in finish_request
    self.RequestHandlerClass(request, client_address, self)
    │    │                   │        │               └ <werkzeug.serving.BaseWSGIServer object at 0x00000264D1171C30>
    │    │                   │        └ ('127.0.0.1', 55179)
    │    │                   └ <socket.socket fd=896, family=AddressFamily.AF_INET, type=SocketKind.SOCK_STREAM, proto=0, laddr=('127.0.0.1', 5000), raddr=(...
    │    └ <class 'werkzeug.serving.WSGIRequestHandler'>
    └ <werkzeug.serving.BaseWSGIServer object at 0x00000264D1171C30>

  File "C:\Users\Lenovo\AppData\Local\Programs\Python\Python310\lib\socketserver.py", line 747, in __init__
    self.handle()
    │    └ <function WSGIRequestHandler.handle at 0x00000264D12F1AB0>
    └ <werkzeug.serving.WSGIRequestHandler object at 0x00000264D3993340>

  File "C:\Users\Lenovo\AppData\Local\Programs\Python\Python310\lib\site-packages\werkzeug\serving.py", line 390, in handle
    super().handle()

  File "C:\Users\Lenovo\AppData\Local\Programs\Python\Python310\lib\http\server.py", line 432, in handle
    self.handle_one_request()
    │    └ <function BaseHTTPRequestHandler.handle_one_request at 0x00000264D02F9870>
    └ <werkzeug.serving.WSGIRequestHandler object at 0x00000264D3993340>

  File "C:\Users\Lenovo\AppData\Local\Programs\Python\Python310\lib\http\server.py", line 420, in handle_one_request
    method()
    └ <bound method WSGIRequestHandler.run_wsgi of <werkzeug.serving.WSGIRequestHandler object at 0x00000264D3993340>>

  File "C:\Users\Lenovo\AppData\Local\Programs\Python\Python310\lib\site-packages\werkzeug\serving.py", line 362, in run_wsgi
    execute(self.server.app)
    │       │    │      └ <werkzeug.debug.DebuggedApplication object at 0x00000264D3966DD0>
    │       │    └ <werkzeug.serving.BaseWSGIServer object at 0x00000264D1171C30>
    │       └ <werkzeug.serving.WSGIRequestHandler object at 0x00000264D3993340>
    └ <function WSGIRequestHandler.run_wsgi.<locals>.execute at 0x00000264D3A76CB0>

  File "C:\Users\Lenovo\AppData\Local\Programs\Python\Python310\lib\site-packages\werkzeug\serving.py", line 325, in execute
    for data in application_iter:
                └ <generator object DebuggedApplication.debug_application at 0x00000264D381EFF0>

  File "C:\Users\Lenovo\AppData\Local\Programs\Python\Python310\lib\site-packages\werkzeug\debug\__init__.py", line 330, in debug_application
    app_iter = self.app(environ, start_response)
               │    │   │        └ <function WSGIRequestHandler.run_wsgi.<locals>.start_response at 0x00000264D3A755A0>
               │    │   └ {'wsgi.version': (1, 0), 'wsgi.url_scheme': 'http', 'wsgi.input': <_io.BufferedReader name=896>, 'wsgi.errors': <_io.TextIOWr...
               │    └ <Flask 'app'>
               └ <werkzeug.debug.DebuggedApplication object at 0x00000264D3966DD0>

  File "C:\Users\Lenovo\AppData\Local\Programs\Python\Python310\lib\site-packages\flask\app.py", line 2213, in __call__
    return self.wsgi_app(environ, start_response)
           │    │        │        └ <function WSGIRequestHandler.run_wsgi.<locals>.start_response at 0x00000264D3A755A0>
           │    │        └ {'wsgi.version': (1, 0), 'wsgi.url_scheme': 'http', 'wsgi.input': <_io.BufferedReader name=896>, 'wsgi.errors': <_io.TextIOWr...
           │    └ <function Flask.wsgi_app at 0x00000264D164FC70>
           └ <Flask 'app'>

  File "C:\Users\Lenovo\AppData\Local\Programs\Python\Python310\lib\site-packages\flask\app.py", line 2190, in wsgi_app
    response = self.full_dispatch_request()
               │    └ <function Flask.full_dispatch_request at 0x00000264D164F1C0>
               └ <Flask 'app'>

  File "C:\Users\Lenovo\AppData\Local\Programs\Python\Python310\lib\site-packages\flask\app.py", line 1484, in full_dispatch_request
    rv = self.dispatch_request()
         │    └ <function Flask.dispatch_request at 0x00000264D164F130>
         └ <Flask 'app'>

  File "C:\Users\Lenovo\AppData\Local\Programs\Python\Python310\lib\site-packages\flask\app.py", line 1469, in dispatch_request
    return self.ensure_sync(self.view_functions[rule.endpoint])(**view_args)
           │    │           │    │              │    │            └ {}
           │    │           │    │              │    └ 'users.login'
           │    │           │    │              └ <Rule '/api_1_0/users/login' (POST, OPTIONS) -> users.login>
           │    │           │    └ {'static': <function Flask.__init__.<locals>.<lambda> at 0x00000264D22327A0>, 'apiversion.Apiversion': <function View.as_view...
           │    │           └ <Flask 'app'>
           │    └ <function Flask.ensure_sync at 0x00000264D164F400>
           └ <Flask 'app'>

  File "C:\Users\Lenovo\PycharmProjects\api_project\api\api_1_0\usersResource\urls.py", line 17, in login
    return UsersOtherResource.login()
           │                  └ <classmethod(<function UsersOtherResource.login at 0x00000264D35EC040>)>
           └ <class 'api_1_0.usersResource.usersOtherResource.UsersOtherResource'>

  File "C:\Users\Lenovo\PycharmProjects\api_project\api\api_1_0\usersResource\usersOtherResource.py", line 30, in login
    res=UsersService.login(**kwargs)
        │            │       └ {'account': '24', 'password': '423'}
        │            └ <classmethod(<function UsersService.login at 0x00000264D35EC5E0>)>
        └ <class 'service.usersService.UsersService'>

> File "C:\Users\Lenovo\PycharmProjects\api_project\api\service\usersService.py", line 32, in login
    user_info=commons.query_to_dict(user_info)
              │       │             └ ('24', '423')
              │       └ <function query_to_dict at 0x00000264D343AB00>
              └ <module 'utils.commons' from 'C:\\Users\\Lenovo\\PycharmProjects\\api_project\\api\\utils\\commons.py'>

  File "C:\Users\Lenovo\PycharmProjects\api_project\api\utils\commons.py", line 67, in query_to_dict
    res = dict(zip(models.keys(), models))
                   │              └ ('24', '423')
                   └ ('24', '423')

  File "lib\\sqlalchemy\\cyextension\\resultproxy.pyx", line 60, in sqlalchemy.cyextension.resultproxy.BaseRow.__getattr__
  File "lib\\sqlalchemy\\cyextension\\resultproxy.pyx", line 57, in sqlalchemy.cyextension.resultproxy.BaseRow._get_by_key_impl

  File "C:\Users\Lenovo\AppData\Local\Programs\Python\Python310\lib\site-packages\sqlalchemy\engine\result.py", line 204, in _key_not_found
    raise AttributeError(ke.args[0]) from ke

AttributeError: keys
2023-12-01 20:59:19.321 | ERROR    | utils.loggings:exception:40 - keys
Traceback (most recent call last):

  File "C:\Users\Lenovo\AppData\Local\Programs\Python\Python310\lib\site-packages\sqlalchemy\engine\result.py", line 202, in _key_not_found
    self._key_fallback(key, None)
    │    │             └ 'keys'
    │    └ <function ResultMetaData._key_fallback at 0x00000218697D1AB0>
    └ <sqlalchemy.engine.result.SimpleResultMetaData object at 0x0000021869ECE380>

  File "C:\Users\Lenovo\AppData\Local\Programs\Python\Python310\lib\site-packages\sqlalchemy\engine\result.py", line 141, in _key_fallback
    raise KeyError(key) from err
                   │         └ None
                   └ 'keys'

KeyError: 'keys'


The above exception was the direct cause of the following exception:


Traceback (most recent call last):

  File "C:\Users\Lenovo\AppData\Local\Programs\Python\Python310\lib\threading.py", line 973, in _bootstrap
    self._bootstrap_inner()
    │    └ <function Thread._bootstrap_inner at 0x000002186607A710>
    └ <Thread(Thread-1 (serve_forever), started daemon 21920)>

  File "C:\Users\Lenovo\AppData\Local\Programs\Python\Python310\lib\threading.py", line 1016, in _bootstrap_inner
    self.run()
    │    └ <function Thread.run at 0x000002186607A440>
    └ <Thread(Thread-1 (serve_forever), started daemon 21920)>

  File "C:\Users\Lenovo\AppData\Local\Programs\Python\Python310\lib\threading.py", line 953, in run
    self._target(*self._args, **self._kwargs)
    │    │        │    │        │    └ {}
    │    │        │    │        └ <Thread(Thread-1 (serve_forever), started daemon 21920)>
    │    │        │    └ ()
    │    │        └ <Thread(Thread-1 (serve_forever), started daemon 21920)>
    │    └ <bound method BaseWSGIServer.serve_forever of <werkzeug.serving.BaseWSGIServer object at 0x000002186A2D1F30>>
    └ <Thread(Thread-1 (serve_forever), started daemon 21920)>

  File "C:\Users\Lenovo\AppData\Local\Programs\Python\Python310\lib\site-packages\werkzeug\serving.py", line 806, in serve_forever
    super().serve_forever(poll_interval=poll_interval)
                                        └ 0.5

  File "C:\Users\Lenovo\AppData\Local\Programs\Python\Python310\lib\socketserver.py", line 237, in serve_forever
    self._handle_request_noblock()
    │    └ <function BaseServer._handle_request_noblock at 0x000002186607BE20>
    └ <werkzeug.serving.BaseWSGIServer object at 0x000002186A2D1F30>

  File "C:\Users\Lenovo\AppData\Local\Programs\Python\Python310\lib\socketserver.py", line 316, in _handle_request_noblock
    self.process_request(request, client_address)
    │    │               │        └ ('127.0.0.1', 55195)
    │    │               └ <socket.socket fd=864, family=AddressFamily.AF_INET, type=SocketKind.SOCK_STREAM, proto=0, laddr=('127.0.0.1', 5000), raddr=(...
    │    └ <function BaseServer.process_request at 0x0000021866084040>
    └ <werkzeug.serving.BaseWSGIServer object at 0x000002186A2D1F30>

  File "C:\Users\Lenovo\AppData\Local\Programs\Python\Python310\lib\socketserver.py", line 347, in process_request
    self.finish_request(request, client_address)
    │    │              │        └ ('127.0.0.1', 55195)
    │    │              └ <socket.socket fd=864, family=AddressFamily.AF_INET, type=SocketKind.SOCK_STREAM, proto=0, laddr=('127.0.0.1', 5000), raddr=(...
    │    └ <function BaseServer.finish_request at 0x0000021866084160>
    └ <werkzeug.serving.BaseWSGIServer object at 0x000002186A2D1F30>

  File "C:\Users\Lenovo\AppData\Local\Programs\Python\Python310\lib\socketserver.py", line 360, in finish_request
    self.RequestHandlerClass(request, client_address, self)
    │    │                   │        │               └ <werkzeug.serving.BaseWSGIServer object at 0x000002186A2D1F30>
    │    │                   │        └ ('127.0.0.1', 55195)
    │    │                   └ <socket.socket fd=864, family=AddressFamily.AF_INET, type=SocketKind.SOCK_STREAM, proto=0, laddr=('127.0.0.1', 5000), raddr=(...
    │    └ <class 'werkzeug.serving.WSGIRequestHandler'>
    └ <werkzeug.serving.BaseWSGIServer object at 0x000002186A2D1F30>

  File "C:\Users\Lenovo\AppData\Local\Programs\Python\Python310\lib\socketserver.py", line 747, in __init__
    self.handle()
    │    └ <function WSGIRequestHandler.handle at 0x0000021867E0C790>
    └ <werkzeug.serving.WSGIRequestHandler object at 0x000002186A318340>

  File "C:\Users\Lenovo\AppData\Local\Programs\Python\Python310\lib\site-packages\werkzeug\serving.py", line 390, in handle
    super().handle()

  File "C:\Users\Lenovo\AppData\Local\Programs\Python\Python310\lib\http\server.py", line 432, in handle
    self.handle_one_request()
    │    └ <function BaseHTTPRequestHandler.handle_one_request at 0x0000021867C557E0>
    └ <werkzeug.serving.WSGIRequestHandler object at 0x000002186A318340>

  File "C:\Users\Lenovo\AppData\Local\Programs\Python\Python310\lib\http\server.py", line 420, in handle_one_request
    method()
    └ <bound method WSGIRequestHandler.run_wsgi of <werkzeug.serving.WSGIRequestHandler object at 0x000002186A318340>>

  File "C:\Users\Lenovo\AppData\Local\Programs\Python\Python310\lib\site-packages\werkzeug\serving.py", line 362, in run_wsgi
    execute(self.server.app)
    │       │    │      └ <werkzeug.debug.DebuggedApplication object at 0x000002186A2ABA00>
    │       │    └ <werkzeug.serving.BaseWSGIServer object at 0x000002186A2D1F30>
    │       └ <werkzeug.serving.WSGIRequestHandler object at 0x000002186A318340>
    └ <function WSGIRequestHandler.run_wsgi.<locals>.execute at 0x000002186A327A30>

  File "C:\Users\Lenovo\AppData\Local\Programs\Python\Python310\lib\site-packages\werkzeug\serving.py", line 325, in execute
    for data in application_iter:
                └ <generator object DebuggedApplication.debug_application at 0x000002186A27B5A0>

  File "C:\Users\Lenovo\AppData\Local\Programs\Python\Python310\lib\site-packages\werkzeug\debug\__init__.py", line 330, in debug_application
    app_iter = self.app(environ, start_response)
               │    │   │        └ <function WSGIRequestHandler.run_wsgi.<locals>.start_response at 0x000002186A325CF0>
               │    │   └ {'wsgi.version': (1, 0), 'wsgi.url_scheme': 'http', 'wsgi.input': <_io.BufferedReader name=864>, 'wsgi.errors': <_io.TextIOWr...
               │    └ <Flask 'app'>
               └ <werkzeug.debug.DebuggedApplication object at 0x000002186A2ABA00>

  File "C:\Users\Lenovo\AppData\Local\Programs\Python\Python310\lib\site-packages\flask\app.py", line 2213, in __call__
    return self.wsgi_app(environ, start_response)
           │    │        │        └ <function WSGIRequestHandler.run_wsgi.<locals>.start_response at 0x000002186A325CF0>
           │    │        └ {'wsgi.version': (1, 0), 'wsgi.url_scheme': 'http', 'wsgi.input': <_io.BufferedReader name=864>, 'wsgi.errors': <_io.TextIOWr...
           │    └ <function Flask.wsgi_app at 0x00000218686B7F40>
           └ <Flask 'app'>

  File "C:\Users\Lenovo\AppData\Local\Programs\Python\Python310\lib\site-packages\flask\app.py", line 2190, in wsgi_app
    response = self.full_dispatch_request()
               │    └ <function Flask.full_dispatch_request at 0x00000218686B7490>
               └ <Flask 'app'>

  File "C:\Users\Lenovo\AppData\Local\Programs\Python\Python310\lib\site-packages\flask\app.py", line 1484, in full_dispatch_request
    rv = self.dispatch_request()
         │    └ <function Flask.dispatch_request at 0x00000218686B7400>
         └ <Flask 'app'>

  File "C:\Users\Lenovo\AppData\Local\Programs\Python\Python310\lib\site-packages\flask\app.py", line 1469, in dispatch_request
    return self.ensure_sync(self.view_functions[rule.endpoint])(**view_args)
           │    │           │    │              │    │            └ {}
           │    │           │    │              │    └ 'users.login'
           │    │           │    │              └ <Rule '/api_1_0/users/login' (POST, OPTIONS) -> users.login>
           │    │           │    └ {'static': <function Flask.__init__.<locals>.<lambda> at 0x0000021869BCAF80>, 'apiversion.Apiversion': <function View.as_view...
           │    │           └ <Flask 'app'>
           │    └ <function Flask.ensure_sync at 0x00000218686B76D0>
           └ <Flask 'app'>

  File "C:\Users\Lenovo\PycharmProjects\api_project\api\api_1_0\usersResource\urls.py", line 17, in login
    return UsersOtherResource.login()
           │                  └ <classmethod(<function UsersOtherResource.login at 0x0000021869F6CCA0>)>
           └ <class 'api_1_0.usersResource.usersOtherResource.UsersOtherResource'>

  File "C:\Users\Lenovo\PycharmProjects\api_project\api\api_1_0\usersResource\usersOtherResource.py", line 30, in login
    res=UsersService.login(**kwargs)
        │            │       └ {'account': '24', 'password': '423'}
        │            └ <classmethod(<function UsersService.login at 0x0000021869F6D120>)>
        └ <class 'service.usersService.UsersService'>

> File "C:\Users\Lenovo\PycharmProjects\api_project\api\service\usersService.py", line 32, in login
    user_info=commons.query_to_dict(user_info)
              │       │             └ ('24', '423')
              │       └ <function query_to_dict at 0x0000021869DEDB40>
              └ <module 'utils.commons' from 'C:\\Users\\Lenovo\\PycharmProjects\\api_project\\api\\utils\\commons.py'>

  File "C:\Users\Lenovo\PycharmProjects\api_project\api\utils\commons.py", line 67, in query_to_dict
    res = dict(zip(models.keys(), models))
                   │              └ ('24', '423')
                   └ ('24', '423')

  File "lib\\sqlalchemy\\cyextension\\resultproxy.pyx", line 60, in sqlalchemy.cyextension.resultproxy.BaseRow.__getattr__
  File "lib\\sqlalchemy\\cyextension\\resultproxy.pyx", line 57, in sqlalchemy.cyextension.resultproxy.BaseRow._get_by_key_impl

  File "C:\Users\Lenovo\AppData\Local\Programs\Python\Python310\lib\site-packages\sqlalchemy\engine\result.py", line 204, in _key_not_found
    raise AttributeError(ke.args[0]) from ke

AttributeError: keys
2023-12-01 21:00:09.792 | ERROR    | utils.loggings:exception:40 - tuple indices must be integers or slices, not str
Traceback (most recent call last):

  File "C:\Users\Lenovo\AppData\Local\Programs\Python\Python310\lib\threading.py", line 973, in _bootstrap
    self._bootstrap_inner()
    │    └ <function Thread._bootstrap_inner at 0x0000020AD787E710>
    └ <Thread(Thread-1 (serve_forever), started daemon 5632)>

  File "C:\Users\Lenovo\AppData\Local\Programs\Python\Python310\lib\threading.py", line 1016, in _bootstrap_inner
    self.run()
    │    └ <function Thread.run at 0x0000020AD787E440>
    └ <Thread(Thread-1 (serve_forever), started daemon 5632)>

  File "C:\Users\Lenovo\AppData\Local\Programs\Python\Python310\lib\threading.py", line 953, in run
    self._target(*self._args, **self._kwargs)
    │    │        │    │        │    └ {}
    │    │        │    │        └ <Thread(Thread-1 (serve_forever), started daemon 5632)>
    │    │        │    └ ()
    │    │        └ <Thread(Thread-1 (serve_forever), started daemon 5632)>
    │    └ <bound method BaseWSGIServer.serve_forever of <werkzeug.serving.BaseWSGIServer object at 0x0000020ADBAE1F30>>
    └ <Thread(Thread-1 (serve_forever), started daemon 5632)>

  File "C:\Users\Lenovo\AppData\Local\Programs\Python\Python310\lib\site-packages\werkzeug\serving.py", line 806, in serve_forever
    super().serve_forever(poll_interval=poll_interval)
                                        └ 0.5

  File "C:\Users\Lenovo\AppData\Local\Programs\Python\Python310\lib\socketserver.py", line 237, in serve_forever
    self._handle_request_noblock()
    │    └ <function BaseServer._handle_request_noblock at 0x0000020AD787FE20>
    └ <werkzeug.serving.BaseWSGIServer object at 0x0000020ADBAE1F30>

  File "C:\Users\Lenovo\AppData\Local\Programs\Python\Python310\lib\socketserver.py", line 316, in _handle_request_noblock
    self.process_request(request, client_address)
    │    │               │        └ ('127.0.0.1', 55212)
    │    │               └ <socket.socket fd=904, family=AddressFamily.AF_INET, type=SocketKind.SOCK_STREAM, proto=0, laddr=('127.0.0.1', 5000), raddr=(...
    │    └ <function BaseServer.process_request at 0x0000020AD7884040>
    └ <werkzeug.serving.BaseWSGIServer object at 0x0000020ADBAE1F30>

  File "C:\Users\Lenovo\AppData\Local\Programs\Python\Python310\lib\socketserver.py", line 347, in process_request
    self.finish_request(request, client_address)
    │    │              │        └ ('127.0.0.1', 55212)
    │    │              └ <socket.socket fd=904, family=AddressFamily.AF_INET, type=SocketKind.SOCK_STREAM, proto=0, laddr=('127.0.0.1', 5000), raddr=(...
    │    └ <function BaseServer.finish_request at 0x0000020AD7884160>
    └ <werkzeug.serving.BaseWSGIServer object at 0x0000020ADBAE1F30>

  File "C:\Users\Lenovo\AppData\Local\Programs\Python\Python310\lib\socketserver.py", line 360, in finish_request
    self.RequestHandlerClass(request, client_address, self)
    │    │                   │        │               └ <werkzeug.serving.BaseWSGIServer object at 0x0000020ADBAE1F30>
    │    │                   │        └ ('127.0.0.1', 55212)
    │    │                   └ <socket.socket fd=904, family=AddressFamily.AF_INET, type=SocketKind.SOCK_STREAM, proto=0, laddr=('127.0.0.1', 5000), raddr=(...
    │    └ <class 'werkzeug.serving.WSGIRequestHandler'>
    └ <werkzeug.serving.BaseWSGIServer object at 0x0000020ADBAE1F30>

  File "C:\Users\Lenovo\AppData\Local\Programs\Python\Python310\lib\socketserver.py", line 747, in __init__
    self.handle()
    │    └ <function WSGIRequestHandler.handle at 0x0000020AD962C790>
    └ <werkzeug.serving.WSGIRequestHandler object at 0x0000020ADBB2C340>

  File "C:\Users\Lenovo\AppData\Local\Programs\Python\Python310\lib\site-packages\werkzeug\serving.py", line 390, in handle
    super().handle()

  File "C:\Users\Lenovo\AppData\Local\Programs\Python\Python310\lib\http\server.py", line 432, in handle
    self.handle_one_request()
    │    └ <function BaseHTTPRequestHandler.handle_one_request at 0x0000020AD94757E0>
    └ <werkzeug.serving.WSGIRequestHandler object at 0x0000020ADBB2C340>

  File "C:\Users\Lenovo\AppData\Local\Programs\Python\Python310\lib\http\server.py", line 420, in handle_one_request
    method()
    └ <bound method WSGIRequestHandler.run_wsgi of <werkzeug.serving.WSGIRequestHandler object at 0x0000020ADBB2C340>>

  File "C:\Users\Lenovo\AppData\Local\Programs\Python\Python310\lib\site-packages\werkzeug\serving.py", line 362, in run_wsgi
    execute(self.server.app)
    │       │    │      └ <werkzeug.debug.DebuggedApplication object at 0x0000020ADBABBA00>
    │       │    └ <werkzeug.serving.BaseWSGIServer object at 0x0000020ADBAE1F30>
    │       └ <werkzeug.serving.WSGIRequestHandler object at 0x0000020ADBB2C340>
    └ <function WSGIRequestHandler.run_wsgi.<locals>.execute at 0x0000020ADBB35CF0>

  File "C:\Users\Lenovo\AppData\Local\Programs\Python\Python310\lib\site-packages\werkzeug\serving.py", line 325, in execute
    for data in application_iter:
                └ <generator object DebuggedApplication.debug_application at 0x0000020ADBA8A8F0>

  File "C:\Users\Lenovo\AppData\Local\Programs\Python\Python310\lib\site-packages\werkzeug\debug\__init__.py", line 330, in debug_application
    app_iter = self.app(environ, start_response)
               │    │   │        └ <function WSGIRequestHandler.run_wsgi.<locals>.start_response at 0x0000020ADBB36DD0>
               │    │   └ {'wsgi.version': (1, 0), 'wsgi.url_scheme': 'http', 'wsgi.input': <_io.BufferedReader name=904>, 'wsgi.errors': <_io.TextIOWr...
               │    └ <Flask 'app'>
               └ <werkzeug.debug.DebuggedApplication object at 0x0000020ADBABBA00>

  File "C:\Users\Lenovo\AppData\Local\Programs\Python\Python310\lib\site-packages\flask\app.py", line 2213, in __call__
    return self.wsgi_app(environ, start_response)
           │    │        │        └ <function WSGIRequestHandler.run_wsgi.<locals>.start_response at 0x0000020ADBB36DD0>
           │    │        └ {'wsgi.version': (1, 0), 'wsgi.url_scheme': 'http', 'wsgi.input': <_io.BufferedReader name=904>, 'wsgi.errors': <_io.TextIOWr...
           │    └ <function Flask.wsgi_app at 0x0000020AD9ED7F40>
           └ <Flask 'app'>

  File "C:\Users\Lenovo\AppData\Local\Programs\Python\Python310\lib\site-packages\flask\app.py", line 2190, in wsgi_app
    response = self.full_dispatch_request()
               │    └ <function Flask.full_dispatch_request at 0x0000020AD9ED7490>
               └ <Flask 'app'>

  File "C:\Users\Lenovo\AppData\Local\Programs\Python\Python310\lib\site-packages\flask\app.py", line 1484, in full_dispatch_request
    rv = self.dispatch_request()
         │    └ <function Flask.dispatch_request at 0x0000020AD9ED7400>
         └ <Flask 'app'>

  File "C:\Users\Lenovo\AppData\Local\Programs\Python\Python310\lib\site-packages\flask\app.py", line 1469, in dispatch_request
    return self.ensure_sync(self.view_functions[rule.endpoint])(**view_args)
           │    │           │    │              │    │            └ {}
           │    │           │    │              │    └ 'users.login'
           │    │           │    │              └ <Rule '/api_1_0/users/login' (OPTIONS, POST) -> users.login>
           │    │           │    └ {'static': <function Flask.__init__.<locals>.<lambda> at 0x0000020ADB3C6F80>, 'apiversion.Apiversion': <function View.as_view...
           │    │           └ <Flask 'app'>
           │    └ <function Flask.ensure_sync at 0x0000020AD9ED76D0>
           └ <Flask 'app'>

  File "C:\Users\Lenovo\PycharmProjects\api_project\api\api_1_0\usersResource\urls.py", line 17, in login
    return UsersOtherResource.login()
           │                  └ <classmethod(<function UsersOtherResource.login at 0x0000020ADB77CCA0>)>
           └ <class 'api_1_0.usersResource.usersOtherResource.UsersOtherResource'>

  File "C:\Users\Lenovo\PycharmProjects\api_project\api\api_1_0\usersResource\usersOtherResource.py", line 30, in login
    res=UsersService.login(**kwargs)
        │            │       └ {'account': '24', 'password': '423'}
        │            └ <classmethod(<function UsersService.login at 0x0000020ADB77D120>)>
        └ <class 'service.usersService.UsersService'>

> File "C:\Users\Lenovo\PycharmProjects\api_project\api\service\usersService.py", line 32, in login
    if not user_info['password']==password:
           │                      └ '423'
           └ ('24', '423')

  File "lib\\sqlalchemy\\cyextension\\resultproxy.pyx", line 48, in sqlalchemy.cyextension.resultproxy.BaseRow.__getitem__

TypeError: tuple indices must be integers or slices, not str
