2023-12-01 21:01:57.654 | ERROR    | utils.loggings:exception:40 - tuple indices must be integers or slices, not str
Traceback (most recent call last):

  File "E:\pycharm\PyCharm2023.2.4\plugins\python\helpers\pydev\_pydev_bundle\pydev_monkey.py", line 805, in __call__
    ret = self.original_func(*self.args, **self.kwargs)
          │    │              │    │       │    └ {}
          │    │              │    │       └ <_pydev_bundle.pydev_monkey._NewThreadStartupWithTrace object at 0x000001A8D2FD31F0>
          │    │              │    └ ()
          │    │              └ <_pydev_bundle.pydev_monkey._NewThreadStartupWithTrace object at 0x000001A8D2FD31F0>
          │    └ <bound method Thread._bootstrap of <Thread(Thread-5 (serve_forever), started daemon 23764)>>
          └ <_pydev_bundle.pydev_monkey._NewThreadStartupWithTrace object at 0x000001A8D2FD31F0>

  File "C:\Users\Lenovo\AppData\Local\Programs\Python\Python310\lib\threading.py", line 973, in _bootstrap
    self._bootstrap_inner()
    │    └ <function Thread._bootstrap_inner at 0x000001A8CDA2EE60>
    └ <Thread(Thread-5 (serve_forever), started daemon 23764)>

  File "C:\Users\Lenovo\AppData\Local\Programs\Python\Python310\lib\threading.py", line 1016, in _bootstrap_inner
    self.run()
    │    └ <function Thread.run at 0x000001A8CDA2EB90>
    └ <Thread(Thread-5 (serve_forever), started daemon 23764)>

  File "C:\Users\Lenovo\AppData\Local\Programs\Python\Python310\lib\threading.py", line 953, in run
    self._target(*self._args, **self._kwargs)
    │    │        │    │        │    └ {}
    │    │        │    │        └ <Thread(Thread-5 (serve_forever), started daemon 23764)>
    │    │        │    └ ()
    │    │        └ <Thread(Thread-5 (serve_forever), started daemon 23764)>
    │    └ <bound method BaseWSGIServer.serve_forever of <werkzeug.serving.BaseWSGIServer object at 0x000001A8D07B1C60>>
    └ <Thread(Thread-5 (serve_forever), started daemon 23764)>

  File "C:\Users\Lenovo\AppData\Local\Programs\Python\Python310\lib\site-packages\werkzeug\serving.py", line 806, in serve_forever
    super().serve_forever(poll_interval=poll_interval)
                                        └ 0.5

  File "C:\Users\Lenovo\AppData\Local\Programs\Python\Python310\lib\socketserver.py", line 237, in serve_forever
    self._handle_request_noblock()
    │    └ <function BaseServer._handle_request_noblock at 0x000001A8CE0E7E20>
    └ <werkzeug.serving.BaseWSGIServer object at 0x000001A8D07B1C60>

  File "C:\Users\Lenovo\AppData\Local\Programs\Python\Python310\lib\socketserver.py", line 316, in _handle_request_noblock
    self.process_request(request, client_address)
    │    │               │        └ ('127.0.0.1', 55409)
    │    │               └ <socket.socket fd=1152, family=AddressFamily.AF_INET, type=SocketKind.SOCK_STREAM, proto=0, laddr=('127.0.0.1', 5000), raddr=...
    │    └ <function BaseServer.process_request at 0x000001A8CF938040>
    └ <werkzeug.serving.BaseWSGIServer object at 0x000001A8D07B1C60>

  File "C:\Users\Lenovo\AppData\Local\Programs\Python\Python310\lib\socketserver.py", line 347, in process_request
    self.finish_request(request, client_address)
    │    │              │        └ ('127.0.0.1', 55409)
    │    │              └ <socket.socket fd=1152, family=AddressFamily.AF_INET, type=SocketKind.SOCK_STREAM, proto=0, laddr=('127.0.0.1', 5000), raddr=...
    │    └ <function BaseServer.finish_request at 0x000001A8CF938160>
    └ <werkzeug.serving.BaseWSGIServer object at 0x000001A8D07B1C60>

  File "C:\Users\Lenovo\AppData\Local\Programs\Python\Python310\lib\socketserver.py", line 360, in finish_request
    self.RequestHandlerClass(request, client_address, self)
    │    │                   │        │               └ <werkzeug.serving.BaseWSGIServer object at 0x000001A8D07B1C60>
    │    │                   │        └ ('127.0.0.1', 55409)
    │    │                   └ <socket.socket fd=1152, family=AddressFamily.AF_INET, type=SocketKind.SOCK_STREAM, proto=0, laddr=('127.0.0.1', 5000), raddr=...
    │    └ <class 'werkzeug.serving.WSGIRequestHandler'>
    └ <werkzeug.serving.BaseWSGIServer object at 0x000001A8D07B1C60>

  File "C:\Users\Lenovo\AppData\Local\Programs\Python\Python310\lib\socketserver.py", line 747, in __init__
    self.handle()
    │    └ <function WSGIRequestHandler.handle at 0x000001A8D0931AB0>
    └ <werkzeug.serving.WSGIRequestHandler object at 0x000001A8D2FA6AD0>

  File "C:\Users\Lenovo\AppData\Local\Programs\Python\Python310\lib\site-packages\werkzeug\serving.py", line 390, in handle
    super().handle()

  File "C:\Users\Lenovo\AppData\Local\Programs\Python\Python310\lib\http\server.py", line 432, in handle
    self.handle_one_request()
    │    └ <function BaseHTTPRequestHandler.handle_one_request at 0x000001A8CF939870>
    └ <werkzeug.serving.WSGIRequestHandler object at 0x000001A8D2FA6AD0>

  File "C:\Users\Lenovo\AppData\Local\Programs\Python\Python310\lib\http\server.py", line 420, in handle_one_request
    method()
    └ <bound method WSGIRequestHandler.run_wsgi of <werkzeug.serving.WSGIRequestHandler object at 0x000001A8D2FA6AD0>>

  File "C:\Users\Lenovo\AppData\Local\Programs\Python\Python310\lib\site-packages\werkzeug\serving.py", line 362, in run_wsgi
    execute(self.server.app)
    │       │    │      └ <werkzeug.debug.DebuggedApplication object at 0x000001A8D2FA6E00>
    │       │    └ <werkzeug.serving.BaseWSGIServer object at 0x000001A8D07B1C60>
    │       └ <werkzeug.serving.WSGIRequestHandler object at 0x000001A8D2FA6AD0>
    └ <function WSGIRequestHandler.run_wsgi.<locals>.execute at 0x000001A8D30C0AF0>

  File "C:\Users\Lenovo\AppData\Local\Programs\Python\Python310\lib\site-packages\werkzeug\serving.py", line 325, in execute
    for data in application_iter:
                └ <generator object DebuggedApplication.debug_application at 0x000001A8D2F53760>

  File "C:\Users\Lenovo\AppData\Local\Programs\Python\Python310\lib\site-packages\werkzeug\debug\__init__.py", line 330, in debug_application
    app_iter = self.app(environ, start_response)
               │    │   │        └ <function WSGIRequestHandler.run_wsgi.<locals>.start_response at 0x000001A8D30C25F0>
               │    │   └ {'wsgi.version': (1, 0), 'wsgi.url_scheme': 'http', 'wsgi.input': <_io.BufferedReader name=1152>, 'wsgi.errors': <_io.TextIOW...
               │    └ <Flask 'app'>
               └ <werkzeug.debug.DebuggedApplication object at 0x000001A8D2FA6E00>

  File "C:\Users\Lenovo\AppData\Local\Programs\Python\Python310\lib\site-packages\flask\app.py", line 2213, in __call__
    return self.wsgi_app(environ, start_response)
           │    │        │        └ <function WSGIRequestHandler.run_wsgi.<locals>.start_response at 0x000001A8D30C25F0>
           │    │        └ {'wsgi.version': (1, 0), 'wsgi.url_scheme': 'http', 'wsgi.input': <_io.BufferedReader name=1152>, 'wsgi.errors': <_io.TextIOW...
           │    └ <function Flask.wsgi_app at 0x000001A8D0C8BC70>
           └ <Flask 'app'>

  File "C:\Users\Lenovo\AppData\Local\Programs\Python\Python310\lib\site-packages\flask\app.py", line 2190, in wsgi_app
    response = self.full_dispatch_request()
               │    └ <function Flask.full_dispatch_request at 0x000001A8D0C8B1C0>
               └ <Flask 'app'>

  File "C:\Users\Lenovo\AppData\Local\Programs\Python\Python310\lib\site-packages\flask\app.py", line 1484, in full_dispatch_request
    rv = self.dispatch_request()
         │    └ <function Flask.dispatch_request at 0x000001A8D0C8B130>
         └ <Flask 'app'>

  File "C:\Users\Lenovo\AppData\Local\Programs\Python\Python310\lib\site-packages\flask\app.py", line 1469, in dispatch_request
    return self.ensure_sync(self.view_functions[rule.endpoint])(**view_args)
           │    │           │    │              │    │            └ {}
           │    │           │    │              │    └ 'users.login'
           │    │           │    │              └ <Rule '/api_1_0/users/login' (OPTIONS, POST) -> users.login>
           │    │           │    └ {'static': <function Flask.__init__.<locals>.<lambda> at 0x000001A8D18767A0>, 'apiversion.Apiversion': <function View.as_view...
           │    │           └ <Flask 'app'>
           │    └ <function Flask.ensure_sync at 0x000001A8D0C8B400>
           └ <Flask 'app'>

  File "C:\Users\Lenovo\PycharmProjects\api_project\api\api_1_0\usersResource\urls.py", line 17, in login
    return UsersOtherResource.login()
           │                  └ <classmethod(<function UsersOtherResource.login at 0x000001A8D2C30040>)>
           └ <class 'api_1_0.usersResource.usersOtherResource.UsersOtherResource'>

  File "C:\Users\Lenovo\PycharmProjects\api_project\api\api_1_0\usersResource\usersOtherResource.py", line 30, in login
    res=UsersService.login(**kwargs)
        │            │       └ {'account': '24', 'password': '423'}
        │            └ <classmethod(<function UsersService.login at 0x000001A8D2C305E0>)>
        └ <class 'service.usersService.UsersService'>

> File "C:\Users\Lenovo\PycharmProjects\api_project\api\service\usersService.py", line 32, in login
    if not user_info['password']==password:
           │                      └ '423'
           └ ('24', '423')

  File "lib\\sqlalchemy\\cyextension\\resultproxy.pyx", line 48, in sqlalchemy.cyextension.resultproxy.BaseRow.__getitem__

TypeError: tuple indices must be integers or slices, not str
2023-12-01 21:02:39.583 | ERROR    | utils.loggings:exception:40 - tuple indices must be integers or slices, not str
Traceback (most recent call last):

  File "E:\pycharm\PyCharm2023.2.4\plugins\python\helpers\pydev\_pydev_bundle\pydev_monkey.py", line 805, in __call__
    ret = self.original_func(*self.args, **self.kwargs)
          │    │              │    │       │    └ {}
          │    │              │    │       └ <_pydev_bundle.pydev_monkey._NewThreadStartupWithTrace object at 0x000002246D1E31F0>
          │    │              │    └ ()
          │    │              └ <_pydev_bundle.pydev_monkey._NewThreadStartupWithTrace object at 0x000002246D1E31F0>
          │    └ <bound method Thread._bootstrap of <Thread(Thread-5 (serve_forever), started daemon 21604)>>
          └ <_pydev_bundle.pydev_monkey._NewThreadStartupWithTrace object at 0x000002246D1E31F0>

  File "C:\Users\Lenovo\AppData\Local\Programs\Python\Python310\lib\threading.py", line 973, in _bootstrap
    self._bootstrap_inner()
    │    └ <function Thread._bootstrap_inner at 0x0000022467C2EE60>
    └ <Thread(Thread-5 (serve_forever), started daemon 21604)>

  File "C:\Users\Lenovo\AppData\Local\Programs\Python\Python310\lib\threading.py", line 1016, in _bootstrap_inner
    self.run()
    │    └ <function Thread.run at 0x0000022467C2EB90>
    └ <Thread(Thread-5 (serve_forever), started daemon 21604)>

  File "C:\Users\Lenovo\AppData\Local\Programs\Python\Python310\lib\threading.py", line 953, in run
    self._target(*self._args, **self._kwargs)
    │    │        │    │        │    └ {}
    │    │        │    │        └ <Thread(Thread-5 (serve_forever), started daemon 21604)>
    │    │        │    └ ()
    │    │        └ <Thread(Thread-5 (serve_forever), started daemon 21604)>
    │    └ <bound method BaseWSGIServer.serve_forever of <werkzeug.serving.BaseWSGIServer object at 0x000002246A9B1C60>>
    └ <Thread(Thread-5 (serve_forever), started daemon 21604)>

  File "C:\Users\Lenovo\AppData\Local\Programs\Python\Python310\lib\site-packages\werkzeug\serving.py", line 806, in serve_forever
    super().serve_forever(poll_interval=poll_interval)
                                        └ 0.5

  File "C:\Users\Lenovo\AppData\Local\Programs\Python\Python310\lib\socketserver.py", line 237, in serve_forever
    self._handle_request_noblock()
    │    └ <function BaseServer._handle_request_noblock at 0x00000224682E7E20>
    └ <werkzeug.serving.BaseWSGIServer object at 0x000002246A9B1C60>

  File "C:\Users\Lenovo\AppData\Local\Programs\Python\Python310\lib\socketserver.py", line 316, in _handle_request_noblock
    self.process_request(request, client_address)
    │    │               │        └ ('127.0.0.1', 55423)
    │    │               └ <socket.socket fd=1220, family=AddressFamily.AF_INET, type=SocketKind.SOCK_STREAM, proto=0, laddr=('127.0.0.1', 5000), raddr=...
    │    └ <function BaseServer.process_request at 0x0000022469B38040>
    └ <werkzeug.serving.BaseWSGIServer object at 0x000002246A9B1C60>

  File "C:\Users\Lenovo\AppData\Local\Programs\Python\Python310\lib\socketserver.py", line 347, in process_request
    self.finish_request(request, client_address)
    │    │              │        └ ('127.0.0.1', 55423)
    │    │              └ <socket.socket fd=1220, family=AddressFamily.AF_INET, type=SocketKind.SOCK_STREAM, proto=0, laddr=('127.0.0.1', 5000), raddr=...
    │    └ <function BaseServer.finish_request at 0x0000022469B38160>
    └ <werkzeug.serving.BaseWSGIServer object at 0x000002246A9B1C60>

  File "C:\Users\Lenovo\AppData\Local\Programs\Python\Python310\lib\socketserver.py", line 360, in finish_request
    self.RequestHandlerClass(request, client_address, self)
    │    │                   │        │               └ <werkzeug.serving.BaseWSGIServer object at 0x000002246A9B1C60>
    │    │                   │        └ ('127.0.0.1', 55423)
    │    │                   └ <socket.socket fd=1220, family=AddressFamily.AF_INET, type=SocketKind.SOCK_STREAM, proto=0, laddr=('127.0.0.1', 5000), raddr=...
    │    └ <class 'werkzeug.serving.WSGIRequestHandler'>
    └ <werkzeug.serving.BaseWSGIServer object at 0x000002246A9B1C60>

  File "C:\Users\Lenovo\AppData\Local\Programs\Python\Python310\lib\socketserver.py", line 747, in __init__
    self.handle()
    │    └ <function WSGIRequestHandler.handle at 0x000002246AB35AB0>
    └ <werkzeug.serving.WSGIRequestHandler object at 0x000002246D1B6AD0>

  File "C:\Users\Lenovo\AppData\Local\Programs\Python\Python310\lib\site-packages\werkzeug\serving.py", line 390, in handle
    super().handle()

  File "C:\Users\Lenovo\AppData\Local\Programs\Python\Python310\lib\http\server.py", line 432, in handle
    self.handle_one_request()
    │    └ <function BaseHTTPRequestHandler.handle_one_request at 0x0000022469B39870>
    └ <werkzeug.serving.WSGIRequestHandler object at 0x000002246D1B6AD0>

  File "C:\Users\Lenovo\AppData\Local\Programs\Python\Python310\lib\http\server.py", line 420, in handle_one_request
    method()
    └ <bound method WSGIRequestHandler.run_wsgi of <werkzeug.serving.WSGIRequestHandler object at 0x000002246D1B6AD0>>

  File "C:\Users\Lenovo\AppData\Local\Programs\Python\Python310\lib\site-packages\werkzeug\serving.py", line 362, in run_wsgi
    execute(self.server.app)
    │       │    │      └ <werkzeug.debug.DebuggedApplication object at 0x000002246D1B6E00>
    │       │    └ <werkzeug.serving.BaseWSGIServer object at 0x000002246A9B1C60>
    │       └ <werkzeug.serving.WSGIRequestHandler object at 0x000002246D1B6AD0>
    └ <function WSGIRequestHandler.run_wsgi.<locals>.execute at 0x000002246D2ADC60>

  File "C:\Users\Lenovo\AppData\Local\Programs\Python\Python310\lib\site-packages\werkzeug\serving.py", line 325, in execute
    for data in application_iter:
                └ <generator object DebuggedApplication.debug_application at 0x000002246D05EFF0>

  File "C:\Users\Lenovo\AppData\Local\Programs\Python\Python310\lib\site-packages\werkzeug\debug\__init__.py", line 330, in debug_application
    app_iter = self.app(environ, start_response)
               │    │   │        └ <function WSGIRequestHandler.run_wsgi.<locals>.start_response at 0x000002246D2ACEE0>
               │    │   └ {'wsgi.version': (1, 0), 'wsgi.url_scheme': 'http', 'wsgi.input': <_io.BufferedReader name=1220>, 'wsgi.errors': <_io.TextIOW...
               │    └ <Flask 'app'>
               └ <werkzeug.debug.DebuggedApplication object at 0x000002246D1B6E00>

  File "C:\Users\Lenovo\AppData\Local\Programs\Python\Python310\lib\site-packages\flask\app.py", line 2213, in __call__
    return self.wsgi_app(environ, start_response)
           │    │        │        └ <function WSGIRequestHandler.run_wsgi.<locals>.start_response at 0x000002246D2ACEE0>
           │    │        └ {'wsgi.version': (1, 0), 'wsgi.url_scheme': 'http', 'wsgi.input': <_io.BufferedReader name=1220>, 'wsgi.errors': <_io.TextIOW...
           │    └ <function Flask.wsgi_app at 0x000002246AE73C70>
           └ <Flask 'app'>

  File "C:\Users\Lenovo\AppData\Local\Programs\Python\Python310\lib\site-packages\flask\app.py", line 2190, in wsgi_app
    response = self.full_dispatch_request()
               │    └ <function Flask.full_dispatch_request at 0x000002246AE731C0>
               └ <Flask 'app'>

  File "C:\Users\Lenovo\AppData\Local\Programs\Python\Python310\lib\site-packages\flask\app.py", line 1484, in full_dispatch_request
    rv = self.dispatch_request()
         │    └ <function Flask.dispatch_request at 0x000002246AE73130>
         └ <Flask 'app'>

  File "C:\Users\Lenovo\AppData\Local\Programs\Python\Python310\lib\site-packages\flask\app.py", line 1469, in dispatch_request
    return self.ensure_sync(self.view_functions[rule.endpoint])(**view_args)
           │    │           │    │              │    │            └ {}
           │    │           │    │              │    └ 'users.login'
           │    │           │    │              └ <Rule '/api_1_0/users/login' (POST, OPTIONS) -> users.login>
           │    │           │    └ {'static': <function Flask.__init__.<locals>.<lambda> at 0x000002246BA767A0>, 'apiversion.Apiversion': <function View.as_view...
           │    │           └ <Flask 'app'>
           │    └ <function Flask.ensure_sync at 0x000002246AE73400>
           └ <Flask 'app'>

  File "C:\Users\Lenovo\PycharmProjects\api_project\api\api_1_0\usersResource\urls.py", line 17, in login
    return UsersOtherResource.login()
           │                  └ <classmethod(<function UsersOtherResource.login at 0x000002246CE2C040>)>
           └ <class 'api_1_0.usersResource.usersOtherResource.UsersOtherResource'>

  File "C:\Users\Lenovo\PycharmProjects\api_project\api\api_1_0\usersResource\usersOtherResource.py", line 30, in login
    res=UsersService.login(**kwargs)
        │            │       └ {'account': '24', 'password': '423'}
        │            └ <classmethod(<function UsersService.login at 0x000002246CE2C5E0>)>
        └ <class 'service.usersService.UsersService'>

> File "C:\Users\Lenovo\PycharmProjects\api_project\api\service\usersService.py", line 32, in login
    if not user_info['password']==password:
           │                      └ '423'
           └ ('24', '423')

  File "lib\\sqlalchemy\\cyextension\\resultproxy.pyx", line 48, in sqlalchemy.cyextension.resultproxy.BaseRow.__getitem__

TypeError: tuple indices must be integers or slices, not str
2023-12-01 21:05:38.474 | ERROR    | utils.loggings:exception:40 - keys
Traceback (most recent call last):

  File "C:\Users\Lenovo\AppData\Local\Programs\Python\Python310\lib\site-packages\sqlalchemy\engine\result.py", line 202, in _key_not_found
    self._key_fallback(key, None)
    │    │             └ 'keys'
    │    └ <function ResultMetaData._key_fallback at 0x00000287B05EDFC0>
    └ <sqlalchemy.engine.result.SimpleResultMetaData object at 0x00000287B22EDF60>

  File "C:\Users\Lenovo\AppData\Local\Programs\Python\Python310\lib\site-packages\sqlalchemy\engine\result.py", line 141, in _key_fallback
    raise KeyError(key) from err
                   │         └ None
                   └ 'keys'

KeyError: 'keys'


The above exception was the direct cause of the following exception:


Traceback (most recent call last):

  File "E:\pycharm\PyCharm2023.2.4\plugins\python\helpers\pydev\_pydev_bundle\pydev_monkey.py", line 805, in __call__
    ret = self.original_func(*self.args, **self.kwargs)
          │    │              │    │       │    └ {}
          │    │              │    │       └ <_pydev_bundle.pydev_monkey._NewThreadStartupWithTrace object at 0x00000287B21731F0>
          │    │              │    └ ()
          │    │              └ <_pydev_bundle.pydev_monkey._NewThreadStartupWithTrace object at 0x00000287B21731F0>
          │    └ <bound method Thread._bootstrap of <Thread(Thread-5 (serve_forever), started daemon 680)>>
          └ <_pydev_bundle.pydev_monkey._NewThreadStartupWithTrace object at 0x00000287B21731F0>

  File "C:\Users\Lenovo\AppData\Local\Programs\Python\Python310\lib\threading.py", line 973, in _bootstrap
    self._bootstrap_inner()
    │    └ <function Thread._bootstrap_inner at 0x00000287ACBAEE60>
    └ <Thread(Thread-5 (serve_forever), started daemon 680)>

  File "C:\Users\Lenovo\AppData\Local\Programs\Python\Python310\lib\threading.py", line 1016, in _bootstrap_inner
    self.run()
    │    └ <function Thread.run at 0x00000287ACBAEB90>
    └ <Thread(Thread-5 (serve_forever), started daemon 680)>

  File "C:\Users\Lenovo\AppData\Local\Programs\Python\Python310\lib\threading.py", line 953, in run
    self._target(*self._args, **self._kwargs)
    │    │        │    │        │    └ {}
    │    │        │    │        └ <Thread(Thread-5 (serve_forever), started daemon 680)>
    │    │        │    └ ()
    │    │        └ <Thread(Thread-5 (serve_forever), started daemon 680)>
    │    └ <bound method BaseWSGIServer.serve_forever of <werkzeug.serving.BaseWSGIServer object at 0x00000287AF951C60>>
    └ <Thread(Thread-5 (serve_forever), started daemon 680)>

  File "C:\Users\Lenovo\AppData\Local\Programs\Python\Python310\lib\site-packages\werkzeug\serving.py", line 806, in serve_forever
    super().serve_forever(poll_interval=poll_interval)
                                        └ 0.5

  File "C:\Users\Lenovo\AppData\Local\Programs\Python\Python310\lib\socketserver.py", line 237, in serve_forever
    self._handle_request_noblock()
    │    └ <function BaseServer._handle_request_noblock at 0x00000287AD287E20>
    └ <werkzeug.serving.BaseWSGIServer object at 0x00000287AF951C60>

  File "C:\Users\Lenovo\AppData\Local\Programs\Python\Python310\lib\socketserver.py", line 316, in _handle_request_noblock
    self.process_request(request, client_address)
    │    │               │        └ ('127.0.0.1', 55674)
    │    │               └ <socket.socket fd=836, family=AddressFamily.AF_INET, type=SocketKind.SOCK_STREAM, proto=0, laddr=('127.0.0.1', 5000), raddr=(...
    │    └ <function BaseServer.process_request at 0x00000287AEAD8040>
    └ <werkzeug.serving.BaseWSGIServer object at 0x00000287AF951C60>

  File "C:\Users\Lenovo\AppData\Local\Programs\Python\Python310\lib\socketserver.py", line 347, in process_request
    self.finish_request(request, client_address)
    │    │              │        └ ('127.0.0.1', 55674)
    │    │              └ <socket.socket fd=836, family=AddressFamily.AF_INET, type=SocketKind.SOCK_STREAM, proto=0, laddr=('127.0.0.1', 5000), raddr=(...
    │    └ <function BaseServer.finish_request at 0x00000287AEAD8160>
    └ <werkzeug.serving.BaseWSGIServer object at 0x00000287AF951C60>

  File "C:\Users\Lenovo\AppData\Local\Programs\Python\Python310\lib\socketserver.py", line 360, in finish_request
    self.RequestHandlerClass(request, client_address, self)
    │    │                   │        │               └ <werkzeug.serving.BaseWSGIServer object at 0x00000287AF951C60>
    │    │                   │        └ ('127.0.0.1', 55674)
    │    │                   └ <socket.socket fd=836, family=AddressFamily.AF_INET, type=SocketKind.SOCK_STREAM, proto=0, laddr=('127.0.0.1', 5000), raddr=(...
    │    └ <class 'werkzeug.serving.WSGIRequestHandler'>
    └ <werkzeug.serving.BaseWSGIServer object at 0x00000287AF951C60>

  File "C:\Users\Lenovo\AppData\Local\Programs\Python\Python310\lib\socketserver.py", line 747, in __init__
    self.handle()
    │    └ <function WSGIRequestHandler.handle at 0x00000287AFAD5AB0>
    └ <werkzeug.serving.WSGIRequestHandler object at 0x00000287B2146950>

  File "C:\Users\Lenovo\AppData\Local\Programs\Python\Python310\lib\site-packages\werkzeug\serving.py", line 390, in handle
    super().handle()

  File "C:\Users\Lenovo\AppData\Local\Programs\Python\Python310\lib\http\server.py", line 432, in handle
    self.handle_one_request()
    │    └ <function BaseHTTPRequestHandler.handle_one_request at 0x00000287AEAD9870>
    └ <werkzeug.serving.WSGIRequestHandler object at 0x00000287B2146950>

  File "C:\Users\Lenovo\AppData\Local\Programs\Python\Python310\lib\http\server.py", line 420, in handle_one_request
    method()
    └ <bound method WSGIRequestHandler.run_wsgi of <werkzeug.serving.WSGIRequestHandler object at 0x00000287B2146950>>

  File "C:\Users\Lenovo\AppData\Local\Programs\Python\Python310\lib\site-packages\werkzeug\serving.py", line 362, in run_wsgi
    execute(self.server.app)
    │       │    │      └ <werkzeug.debug.DebuggedApplication object at 0x00000287B2146E00>
    │       │    └ <werkzeug.serving.BaseWSGIServer object at 0x00000287AF951C60>
    │       └ <werkzeug.serving.WSGIRequestHandler object at 0x00000287B2146950>
    └ <function WSGIRequestHandler.run_wsgi.<locals>.execute at 0x00000287B2255E10>

  File "C:\Users\Lenovo\AppData\Local\Programs\Python\Python310\lib\site-packages\werkzeug\serving.py", line 325, in execute
    for data in application_iter:
                └ <generator object DebuggedApplication.debug_application at 0x00000287B20F2FF0>

  File "C:\Users\Lenovo\AppData\Local\Programs\Python\Python310\lib\site-packages\werkzeug\debug\__init__.py", line 330, in debug_application
    app_iter = self.app(environ, start_response)
               │    │   │        └ <function WSGIRequestHandler.run_wsgi.<locals>.start_response at 0x00000287B2255870>
               │    │   └ {'wsgi.version': (1, 0), 'wsgi.url_scheme': 'http', 'wsgi.input': <_io.BufferedReader name=836>, 'wsgi.errors': <_io.TextIOWr...
               │    └ <Flask 'app'>
               └ <werkzeug.debug.DebuggedApplication object at 0x00000287B2146E00>

  File "C:\Users\Lenovo\AppData\Local\Programs\Python\Python310\lib\site-packages\flask\app.py", line 2213, in __call__
    return self.wsgi_app(environ, start_response)
           │    │        │        └ <function WSGIRequestHandler.run_wsgi.<locals>.start_response at 0x00000287B2255870>
           │    │        └ {'wsgi.version': (1, 0), 'wsgi.url_scheme': 'http', 'wsgi.input': <_io.BufferedReader name=836>, 'wsgi.errors': <_io.TextIOWr...
           │    └ <function Flask.wsgi_app at 0x00000287AFE13C70>
           └ <Flask 'app'>

  File "C:\Users\Lenovo\AppData\Local\Programs\Python\Python310\lib\site-packages\flask\app.py", line 2190, in wsgi_app
    response = self.full_dispatch_request()
               │    └ <function Flask.full_dispatch_request at 0x00000287AFE131C0>
               └ <Flask 'app'>

  File "C:\Users\Lenovo\AppData\Local\Programs\Python\Python310\lib\site-packages\flask\app.py", line 1484, in full_dispatch_request
    rv = self.dispatch_request()
         │    └ <function Flask.dispatch_request at 0x00000287AFE13130>
         └ <Flask 'app'>

  File "C:\Users\Lenovo\AppData\Local\Programs\Python\Python310\lib\site-packages\flask\app.py", line 1469, in dispatch_request
    return self.ensure_sync(self.view_functions[rule.endpoint])(**view_args)
           │    │           │    │              │    │            └ {}
           │    │           │    │              │    └ 'users.login'
           │    │           │    │              └ <Rule '/api_1_0/users/login' (OPTIONS, POST) -> users.login>
           │    │           │    └ {'static': <function Flask.__init__.<locals>.<lambda> at 0x00000287B0A167A0>, 'apiversion.Apiversion': <function View.as_view...
           │    │           └ <Flask 'app'>
           │    └ <function Flask.ensure_sync at 0x00000287AFE13400>
           └ <Flask 'app'>

  File "C:\Users\Lenovo\PycharmProjects\api_project\api\api_1_0\usersResource\urls.py", line 17, in login
    return UsersOtherResource.login()
           │                  └ <classmethod(<function UsersOtherResource.login at 0x00000287B1DCC040>)>
           └ <class 'api_1_0.usersResource.usersOtherResource.UsersOtherResource'>

  File "C:\Users\Lenovo\PycharmProjects\api_project\api\api_1_0\usersResource\usersOtherResource.py", line 30, in login
    res=UsersService.login(**kwargs)
        │            │       └ {'account': '24', 'password': '423'}
        │            └ <classmethod(<function UsersService.login at 0x00000287B1DCC5E0>)>
        └ <class 'service.usersService.UsersService'>

> File "C:\Users\Lenovo\PycharmProjects\api_project\api\service\usersService.py", line 32, in login
    user_info = commons.query_to_dict(user_info)
                │       │             └ ('24', '423')
                │       └ <function query_to_dict at 0x00000287B1C1AB00>
                └ <module 'utils.commons' from 'C:\\Users\\Lenovo\\PycharmProjects\\api_project\\api\\utils\\commons.py'>

  File "C:\Users\Lenovo\PycharmProjects\api_project\api\utils\commons.py", line 67, in query_to_dict
    res = dict(zip(models.keys(), models))
                   │              └ ('24', '423')
                   └ ('24', '423')

  File "lib\\sqlalchemy\\cyextension\\resultproxy.pyx", line 60, in sqlalchemy.cyextension.resultproxy.BaseRow.__getattr__
  File "lib\\sqlalchemy\\cyextension\\resultproxy.pyx", line 57, in sqlalchemy.cyextension.resultproxy.BaseRow._get_by_key_impl

  File "C:\Users\Lenovo\AppData\Local\Programs\Python\Python310\lib\site-packages\sqlalchemy\engine\result.py", line 204, in _key_not_found
    raise AttributeError(ke.args[0]) from ke

AttributeError: keys
2023-12-01 21:06:20.590 | ERROR    | utils.loggings:exception:40 - keys
Traceback (most recent call last):

  File "C:\Users\Lenovo\AppData\Local\Programs\Python\Python310\lib\site-packages\sqlalchemy\engine\result.py", line 202, in _key_not_found
    self._key_fallback(key, None)
    │    │             └ 'keys'
    │    └ <function ResultMetaData._key_fallback at 0x000001AB6D4FDFC0>
    └ <sqlalchemy.engine.result.SimpleResultMetaData object at 0x000001AB6F0DA500>

  File "C:\Users\Lenovo\AppData\Local\Programs\Python\Python310\lib\site-packages\sqlalchemy\engine\result.py", line 141, in _key_fallback
    raise KeyError(key) from err
                   │         └ None
                   └ 'keys'

KeyError: 'keys'


The above exception was the direct cause of the following exception:


Traceback (most recent call last):

  File "E:\pycharm\PyCharm2023.2.4\plugins\python\helpers\pydev\_pydev_bundle\pydev_monkey.py", line 805, in __call__
    ret = self.original_func(*self.args, **self.kwargs)
          │    │              │    │       │    └ {}
          │    │              │    │       └ <_pydev_bundle.pydev_monkey._NewThreadStartupWithTrace object at 0x000001AB6F0871F0>
          │    │              │    └ ()
          │    │              └ <_pydev_bundle.pydev_monkey._NewThreadStartupWithTrace object at 0x000001AB6F0871F0>
          │    └ <bound method Thread._bootstrap of <Thread(Thread-5 (serve_forever), started daemon 19752)>>
          └ <_pydev_bundle.pydev_monkey._NewThreadStartupWithTrace object at 0x000001AB6F0871F0>

  File "C:\Users\Lenovo\AppData\Local\Programs\Python\Python310\lib\threading.py", line 973, in _bootstrap
    self._bootstrap_inner()
    │    └ <function Thread._bootstrap_inner at 0x000001AB69B2EE60>
    └ <Thread(Thread-5 (serve_forever), started daemon 19752)>

  File "C:\Users\Lenovo\AppData\Local\Programs\Python\Python310\lib\threading.py", line 1016, in _bootstrap_inner
    self.run()
    │    └ <function Thread.run at 0x000001AB69B2EB90>
    └ <Thread(Thread-5 (serve_forever), started daemon 19752)>

  File "C:\Users\Lenovo\AppData\Local\Programs\Python\Python310\lib\threading.py", line 953, in run
    self._target(*self._args, **self._kwargs)
    │    │        │    │        │    └ {}
    │    │        │    │        └ <Thread(Thread-5 (serve_forever), started daemon 19752)>
    │    │        │    └ ()
    │    │        └ <Thread(Thread-5 (serve_forever), started daemon 19752)>
    │    └ <bound method BaseWSGIServer.serve_forever of <werkzeug.serving.BaseWSGIServer object at 0x000001AB6C861C60>>
    └ <Thread(Thread-5 (serve_forever), started daemon 19752)>

  File "C:\Users\Lenovo\AppData\Local\Programs\Python\Python310\lib\site-packages\werkzeug\serving.py", line 806, in serve_forever
    super().serve_forever(poll_interval=poll_interval)
                                        └ 0.5

  File "C:\Users\Lenovo\AppData\Local\Programs\Python\Python310\lib\socketserver.py", line 237, in serve_forever
    self._handle_request_noblock()
    │    └ <function BaseServer._handle_request_noblock at 0x000001AB6A1A7E20>
    └ <werkzeug.serving.BaseWSGIServer object at 0x000001AB6C861C60>

  File "C:\Users\Lenovo\AppData\Local\Programs\Python\Python310\lib\socketserver.py", line 316, in _handle_request_noblock
    self.process_request(request, client_address)
    │    │               │        └ ('127.0.0.1', 55712)
    │    │               └ <socket.socket fd=468, family=AddressFamily.AF_INET, type=SocketKind.SOCK_STREAM, proto=0, laddr=('127.0.0.1', 5000), raddr=(...
    │    └ <function BaseServer.process_request at 0x000001AB6B9E8040>
    └ <werkzeug.serving.BaseWSGIServer object at 0x000001AB6C861C60>

  File "C:\Users\Lenovo\AppData\Local\Programs\Python\Python310\lib\socketserver.py", line 347, in process_request
    self.finish_request(request, client_address)
    │    │              │        └ ('127.0.0.1', 55712)
    │    │              └ <socket.socket fd=468, family=AddressFamily.AF_INET, type=SocketKind.SOCK_STREAM, proto=0, laddr=('127.0.0.1', 5000), raddr=(...
    │    └ <function BaseServer.finish_request at 0x000001AB6B9E8160>
    └ <werkzeug.serving.BaseWSGIServer object at 0x000001AB6C861C60>

  File "C:\Users\Lenovo\AppData\Local\Programs\Python\Python310\lib\socketserver.py", line 360, in finish_request
    self.RequestHandlerClass(request, client_address, self)
    │    │                   │        │               └ <werkzeug.serving.BaseWSGIServer object at 0x000001AB6C861C60>
    │    │                   │        └ ('127.0.0.1', 55712)
    │    │                   └ <socket.socket fd=468, family=AddressFamily.AF_INET, type=SocketKind.SOCK_STREAM, proto=0, laddr=('127.0.0.1', 5000), raddr=(...
    │    └ <class 'werkzeug.serving.WSGIRequestHandler'>
    └ <werkzeug.serving.BaseWSGIServer object at 0x000001AB6C861C60>

  File "C:\Users\Lenovo\AppData\Local\Programs\Python\Python310\lib\socketserver.py", line 747, in __init__
    self.handle()
    │    └ <function WSGIRequestHandler.handle at 0x000001AB6C9E5AB0>
    └ <werkzeug.serving.WSGIRequestHandler object at 0x000001AB6F056AD0>

  File "C:\Users\Lenovo\AppData\Local\Programs\Python\Python310\lib\site-packages\werkzeug\serving.py", line 390, in handle
    super().handle()

  File "C:\Users\Lenovo\AppData\Local\Programs\Python\Python310\lib\http\server.py", line 432, in handle
    self.handle_one_request()
    │    └ <function BaseHTTPRequestHandler.handle_one_request at 0x000001AB6B9E9870>
    └ <werkzeug.serving.WSGIRequestHandler object at 0x000001AB6F056AD0>

  File "C:\Users\Lenovo\AppData\Local\Programs\Python\Python310\lib\http\server.py", line 420, in handle_one_request
    method()
    └ <bound method WSGIRequestHandler.run_wsgi of <werkzeug.serving.WSGIRequestHandler object at 0x000001AB6F056AD0>>

  File "C:\Users\Lenovo\AppData\Local\Programs\Python\Python310\lib\site-packages\werkzeug\serving.py", line 362, in run_wsgi
    execute(self.server.app)
    │       │    │      └ <werkzeug.debug.DebuggedApplication object at 0x000001AB6F056E00>
    │       │    └ <werkzeug.serving.BaseWSGIServer object at 0x000001AB6C861C60>
    │       └ <werkzeug.serving.WSGIRequestHandler object at 0x000001AB6F056AD0>
    └ <function WSGIRequestHandler.run_wsgi.<locals>.execute at 0x000001AB6F1789D0>

  File "C:\Users\Lenovo\AppData\Local\Programs\Python\Python310\lib\site-packages\werkzeug\serving.py", line 325, in execute
    for data in application_iter:
                └ <generator object DebuggedApplication.debug_application at 0x000001AB6EF0F140>

  File "C:\Users\Lenovo\AppData\Local\Programs\Python\Python310\lib\site-packages\werkzeug\debug\__init__.py", line 330, in debug_application
    app_iter = self.app(environ, start_response)
               │    │   │        └ <function WSGIRequestHandler.run_wsgi.<locals>.start_response at 0x000001AB6F1795A0>
               │    │   └ {'wsgi.version': (1, 0), 'wsgi.url_scheme': 'http', 'wsgi.input': <_io.BufferedReader name=468>, 'wsgi.errors': <_io.TextIOWr...
               │    └ <Flask 'app'>
               └ <werkzeug.debug.DebuggedApplication object at 0x000001AB6F056E00>

  File "C:\Users\Lenovo\AppData\Local\Programs\Python\Python310\lib\site-packages\flask\app.py", line 2213, in __call__
    return self.wsgi_app(environ, start_response)
           │    │        │        └ <function WSGIRequestHandler.run_wsgi.<locals>.start_response at 0x000001AB6F1795A0>
           │    │        └ {'wsgi.version': (1, 0), 'wsgi.url_scheme': 'http', 'wsgi.input': <_io.BufferedReader name=468>, 'wsgi.errors': <_io.TextIOWr...
           │    └ <function Flask.wsgi_app at 0x000001AB6CD23C70>
           └ <Flask 'app'>

  File "C:\Users\Lenovo\AppData\Local\Programs\Python\Python310\lib\site-packages\flask\app.py", line 2190, in wsgi_app
    response = self.full_dispatch_request()
               │    └ <function Flask.full_dispatch_request at 0x000001AB6CD231C0>
               └ <Flask 'app'>

  File "C:\Users\Lenovo\AppData\Local\Programs\Python\Python310\lib\site-packages\flask\app.py", line 1484, in full_dispatch_request
    rv = self.dispatch_request()
         │    └ <function Flask.dispatch_request at 0x000001AB6CD23130>
         └ <Flask 'app'>

  File "C:\Users\Lenovo\AppData\Local\Programs\Python\Python310\lib\site-packages\flask\app.py", line 1469, in dispatch_request
    return self.ensure_sync(self.view_functions[rule.endpoint])(**view_args)
           │    │           │    │              │    │            └ {}
           │    │           │    │              │    └ 'users.login'
           │    │           │    │              └ <Rule '/api_1_0/users/login' (POST, OPTIONS) -> users.login>
           │    │           │    └ {'static': <function Flask.__init__.<locals>.<lambda> at 0x000001AB6D9267A0>, 'apiversion.Apiversion': <function View.as_view...
           │    │           └ <Flask 'app'>
           │    └ <function Flask.ensure_sync at 0x000001AB6CD23400>
           └ <Flask 'app'>

  File "C:\Users\Lenovo\PycharmProjects\api_project\api\api_1_0\usersResource\urls.py", line 17, in login
    return UsersOtherResource.login()
           │                  └ <classmethod(<function UsersOtherResource.login at 0x000001AB6ECDC040>)>
           └ <class 'api_1_0.usersResource.usersOtherResource.UsersOtherResource'>

  File "C:\Users\Lenovo\PycharmProjects\api_project\api\api_1_0\usersResource\usersOtherResource.py", line 30, in login
    res=UsersService.login(**kwargs)
        │            │       └ {'account': '24', 'password': '423'}
        │            └ <classmethod(<function UsersService.login at 0x000001AB6ECDC5E0>)>
        └ <class 'service.usersService.UsersService'>

> File "C:\Users\Lenovo\PycharmProjects\api_project\api\service\usersService.py", line 32, in login
    user_info = commons.query_to_dict(user_info)
                │       │             └ ('24', '423')
                │       └ <function query_to_dict at 0x000001AB6EB2AB00>
                └ <module 'utils.commons' from 'C:\\Users\\Lenovo\\PycharmProjects\\api_project\\api\\utils\\commons.py'>

  File "C:\Users\Lenovo\PycharmProjects\api_project\api\utils\commons.py", line 67, in query_to_dict
    res = dict(zip(models.keys(), models))
                   │              └ ('24', '423')
                   └ ('24', '423')

  File "lib\\sqlalchemy\\cyextension\\resultproxy.pyx", line 60, in sqlalchemy.cyextension.resultproxy.BaseRow.__getattr__
  File "lib\\sqlalchemy\\cyextension\\resultproxy.pyx", line 57, in sqlalchemy.cyextension.resultproxy.BaseRow._get_by_key_impl

  File "C:\Users\Lenovo\AppData\Local\Programs\Python\Python310\lib\site-packages\sqlalchemy\engine\result.py", line 204, in _key_not_found
    raise AttributeError(ke.args[0]) from ke

AttributeError: keys
2023-12-01 21:08:10.061 | ERROR    | utils.loggings:exception:40 - keys
Traceback (most recent call last):

  File "C:\Users\Lenovo\AppData\Local\Programs\Python\Python310\lib\site-packages\sqlalchemy\engine\result.py", line 202, in _key_not_found
    self._key_fallback(key, None)
    │    │             └ 'keys'
    │    └ <function ResultMetaData._key_fallback at 0x0000023E35CBDFC0>
    └ <sqlalchemy.engine.result.SimpleResultMetaData object at 0x0000023E3795D600>

  File "C:\Users\Lenovo\AppData\Local\Programs\Python\Python310\lib\site-packages\sqlalchemy\engine\result.py", line 141, in _key_fallback
    raise KeyError(key) from err
                   │         └ None
                   └ 'keys'

KeyError: 'keys'


The above exception was the direct cause of the following exception:


Traceback (most recent call last):

  File "E:\pycharm\PyCharm2023.2.4\plugins\python\helpers\pydev\_pydev_bundle\pydev_monkey.py", line 805, in __call__
    ret = self.original_func(*self.args, **self.kwargs)
          │    │              │    │       │    └ {}
          │    │              │    │       └ <_pydev_bundle.pydev_monkey._NewThreadStartupWithTrace object at 0x0000023E378431F0>
          │    │              │    └ ()
          │    │              └ <_pydev_bundle.pydev_monkey._NewThreadStartupWithTrace object at 0x0000023E378431F0>
          │    └ <bound method Thread._bootstrap of <Thread(Thread-5 (serve_forever), started daemon 10512)>>
          └ <_pydev_bundle.pydev_monkey._NewThreadStartupWithTrace object at 0x0000023E378431F0>

  File "C:\Users\Lenovo\AppData\Local\Programs\Python\Python310\lib\threading.py", line 973, in _bootstrap
    self._bootstrap_inner()
    │    └ <function Thread._bootstrap_inner at 0x0000023E322BEE60>
    └ <Thread(Thread-5 (serve_forever), started daemon 10512)>

  File "C:\Users\Lenovo\AppData\Local\Programs\Python\Python310\lib\threading.py", line 1016, in _bootstrap_inner
    self.run()
    │    └ <function Thread.run at 0x0000023E322BEB90>
    └ <Thread(Thread-5 (serve_forever), started daemon 10512)>

  File "C:\Users\Lenovo\AppData\Local\Programs\Python\Python310\lib\threading.py", line 953, in run
    self._target(*self._args, **self._kwargs)
    │    │        │    │        │    └ {}
    │    │        │    │        └ <Thread(Thread-5 (serve_forever), started daemon 10512)>
    │    │        │    └ ()
    │    │        └ <Thread(Thread-5 (serve_forever), started daemon 10512)>
    │    └ <bound method BaseWSGIServer.serve_forever of <werkzeug.serving.BaseWSGIServer object at 0x0000023E35021C60>>
    └ <Thread(Thread-5 (serve_forever), started daemon 10512)>

  File "C:\Users\Lenovo\AppData\Local\Programs\Python\Python310\lib\site-packages\werkzeug\serving.py", line 806, in serve_forever
    super().serve_forever(poll_interval=poll_interval)
                                        └ 0.5

  File "C:\Users\Lenovo\AppData\Local\Programs\Python\Python310\lib\socketserver.py", line 237, in serve_forever
    self._handle_request_noblock()
    │    └ <function BaseServer._handle_request_noblock at 0x0000023E32957E20>
    └ <werkzeug.serving.BaseWSGIServer object at 0x0000023E35021C60>

  File "C:\Users\Lenovo\AppData\Local\Programs\Python\Python310\lib\socketserver.py", line 316, in _handle_request_noblock
    self.process_request(request, client_address)
    │    │               │        └ ('127.0.0.1', 55759)
    │    │               └ <socket.socket fd=1116, family=AddressFamily.AF_INET, type=SocketKind.SOCK_STREAM, proto=0, laddr=('127.0.0.1', 5000), raddr=...
    │    └ <function BaseServer.process_request at 0x0000023E341A8040>
    └ <werkzeug.serving.BaseWSGIServer object at 0x0000023E35021C60>

  File "C:\Users\Lenovo\AppData\Local\Programs\Python\Python310\lib\socketserver.py", line 347, in process_request
    self.finish_request(request, client_address)
    │    │              │        └ ('127.0.0.1', 55759)
    │    │              └ <socket.socket fd=1116, family=AddressFamily.AF_INET, type=SocketKind.SOCK_STREAM, proto=0, laddr=('127.0.0.1', 5000), raddr=...
    │    └ <function BaseServer.finish_request at 0x0000023E341A8160>
    └ <werkzeug.serving.BaseWSGIServer object at 0x0000023E35021C60>

  File "C:\Users\Lenovo\AppData\Local\Programs\Python\Python310\lib\socketserver.py", line 360, in finish_request
    self.RequestHandlerClass(request, client_address, self)
    │    │                   │        │               └ <werkzeug.serving.BaseWSGIServer object at 0x0000023E35021C60>
    │    │                   │        └ ('127.0.0.1', 55759)
    │    │                   └ <socket.socket fd=1116, family=AddressFamily.AF_INET, type=SocketKind.SOCK_STREAM, proto=0, laddr=('127.0.0.1', 5000), raddr=...
    │    └ <class 'werkzeug.serving.WSGIRequestHandler'>
    └ <werkzeug.serving.BaseWSGIServer object at 0x0000023E35021C60>

  File "C:\Users\Lenovo\AppData\Local\Programs\Python\Python310\lib\socketserver.py", line 747, in __init__
    self.handle()
    │    └ <function WSGIRequestHandler.handle at 0x0000023E351A5AB0>
    └ <werkzeug.serving.WSGIRequestHandler object at 0x0000023E37816950>

  File "C:\Users\Lenovo\AppData\Local\Programs\Python\Python310\lib\site-packages\werkzeug\serving.py", line 390, in handle
    super().handle()

  File "C:\Users\Lenovo\AppData\Local\Programs\Python\Python310\lib\http\server.py", line 432, in handle
    self.handle_one_request()
    │    └ <function BaseHTTPRequestHandler.handle_one_request at 0x0000023E341A9870>
    └ <werkzeug.serving.WSGIRequestHandler object at 0x0000023E37816950>

  File "C:\Users\Lenovo\AppData\Local\Programs\Python\Python310\lib\http\server.py", line 420, in handle_one_request
    method()
    └ <bound method WSGIRequestHandler.run_wsgi of <werkzeug.serving.WSGIRequestHandler object at 0x0000023E37816950>>

  File "C:\Users\Lenovo\AppData\Local\Programs\Python\Python310\lib\site-packages\werkzeug\serving.py", line 362, in run_wsgi
    execute(self.server.app)
    │       │    │      └ <werkzeug.debug.DebuggedApplication object at 0x0000023E37816E00>
    │       │    └ <werkzeug.serving.BaseWSGIServer object at 0x0000023E35021C60>
    │       └ <werkzeug.serving.WSGIRequestHandler object at 0x0000023E37816950>
    └ <function WSGIRequestHandler.run_wsgi.<locals>.execute at 0x0000023E37922EF0>

  File "C:\Users\Lenovo\AppData\Local\Programs\Python\Python310\lib\site-packages\werkzeug\serving.py", line 325, in execute
    for data in application_iter:
                └ <generator object DebuggedApplication.debug_application at 0x0000023E376CF450>

  File "C:\Users\Lenovo\AppData\Local\Programs\Python\Python310\lib\site-packages\werkzeug\debug\__init__.py", line 330, in debug_application
    app_iter = self.app(environ, start_response)
               │    │   │        └ <function WSGIRequestHandler.run_wsgi.<locals>.start_response at 0x0000023E37923D90>
               │    │   └ {'wsgi.version': (1, 0), 'wsgi.url_scheme': 'http', 'wsgi.input': <_io.BufferedReader name=1116>, 'wsgi.errors': <_io.TextIOW...
               │    └ <Flask 'app'>
               └ <werkzeug.debug.DebuggedApplication object at 0x0000023E37816E00>

  File "C:\Users\Lenovo\AppData\Local\Programs\Python\Python310\lib\site-packages\flask\app.py", line 2213, in __call__
    return self.wsgi_app(environ, start_response)
           │    │        │        └ <function WSGIRequestHandler.run_wsgi.<locals>.start_response at 0x0000023E37923D90>
           │    │        └ {'wsgi.version': (1, 0), 'wsgi.url_scheme': 'http', 'wsgi.input': <_io.BufferedReader name=1116>, 'wsgi.errors': <_io.TextIOW...
           │    └ <function Flask.wsgi_app at 0x0000023E354E3C70>
           └ <Flask 'app'>

  File "C:\Users\Lenovo\AppData\Local\Programs\Python\Python310\lib\site-packages\flask\app.py", line 2190, in wsgi_app
    response = self.full_dispatch_request()
               │    └ <function Flask.full_dispatch_request at 0x0000023E354E31C0>
               └ <Flask 'app'>

  File "C:\Users\Lenovo\AppData\Local\Programs\Python\Python310\lib\site-packages\flask\app.py", line 1484, in full_dispatch_request
    rv = self.dispatch_request()
         │    └ <function Flask.dispatch_request at 0x0000023E354E3130>
         └ <Flask 'app'>

  File "C:\Users\Lenovo\AppData\Local\Programs\Python\Python310\lib\site-packages\flask\app.py", line 1469, in dispatch_request
    return self.ensure_sync(self.view_functions[rule.endpoint])(**view_args)
           │    │           │    │              │    │            └ {}
           │    │           │    │              │    └ 'users.login'
           │    │           │    │              └ <Rule '/api_1_0/users/login' (OPTIONS, POST) -> users.login>
           │    │           │    └ {'static': <function Flask.__init__.<locals>.<lambda> at 0x0000023E360E67A0>, 'apiversion.Apiversion': <function View.as_view...
           │    │           └ <Flask 'app'>
           │    └ <function Flask.ensure_sync at 0x0000023E354E3400>
           └ <Flask 'app'>

  File "C:\Users\Lenovo\PycharmProjects\api_project\api\api_1_0\usersResource\urls.py", line 17, in login
    return UsersOtherResource.login()
           │                  └ <classmethod(<function UsersOtherResource.login at 0x0000023E3749C040>)>
           └ <class 'api_1_0.usersResource.usersOtherResource.UsersOtherResource'>

  File "C:\Users\Lenovo\PycharmProjects\api_project\api\api_1_0\usersResource\usersOtherResource.py", line 30, in login
    res=UsersService.login(**kwargs)
        │            │       └ {'account': '24', 'password': '423'}
        │            └ <classmethod(<function UsersService.login at 0x0000023E3749C5E0>)>
        └ <class 'service.usersService.UsersService'>

> File "C:\Users\Lenovo\PycharmProjects\api_project\api\service\usersService.py", line 32, in login
    user_info = commons.query_to_dict(user_info)
                │       │             └ ('24', '423')
                │       └ <function query_to_dict at 0x0000023E372EAB00>
                └ <module 'utils.commons' from 'C:\\Users\\Lenovo\\PycharmProjects\\api_project\\api\\utils\\commons.py'>

  File "C:\Users\Lenovo\PycharmProjects\api_project\api\utils\commons.py", line 67, in query_to_dict
    res = dict(zip(models.keys(), models))
                   │              └ ('24', '423')
                   └ ('24', '423')

  File "lib\\sqlalchemy\\cyextension\\resultproxy.pyx", line 60, in sqlalchemy.cyextension.resultproxy.BaseRow.__getattr__
  File "lib\\sqlalchemy\\cyextension\\resultproxy.pyx", line 57, in sqlalchemy.cyextension.resultproxy.BaseRow._get_by_key_impl

  File "C:\Users\Lenovo\AppData\Local\Programs\Python\Python310\lib\site-packages\sqlalchemy\engine\result.py", line 204, in _key_not_found
    raise AttributeError(ke.args[0]) from ke

AttributeError: keys
2023-12-01 21:09:50.829 | ERROR    | utils.loggings:exception:40 - keys
Traceback (most recent call last):

  File "C:\Users\Lenovo\AppData\Local\Programs\Python\Python310\lib\site-packages\sqlalchemy\engine\result.py", line 202, in _key_not_found
    self._key_fallback(key, None)
    │    │             └ 'keys'
    │    └ <function ResultMetaData._key_fallback at 0x0000024F5826DFC0>
    └ <sqlalchemy.engine.result.SimpleResultMetaData object at 0x0000024F59F52080>

  File "C:\Users\Lenovo\AppData\Local\Programs\Python\Python310\lib\site-packages\sqlalchemy\engine\result.py", line 141, in _key_fallback
    raise KeyError(key) from err
                   │         └ None
                   └ 'keys'

KeyError: 'keys'


The above exception was the direct cause of the following exception:


Traceback (most recent call last):

  File "E:\pycharm\PyCharm2023.2.4\plugins\python\helpers\pydev\_pydev_bundle\pydev_monkey.py", line 805, in __call__
    ret = self.original_func(*self.args, **self.kwargs)
          │    │              │    │       │    └ {}
          │    │              │    │       └ <_pydev_bundle.pydev_monkey._NewThreadStartupWithTrace object at 0x0000024F59DF31F0>
          │    │              │    └ ()
          │    │              └ <_pydev_bundle.pydev_monkey._NewThreadStartupWithTrace object at 0x0000024F59DF31F0>
          │    └ <bound method Thread._bootstrap of <Thread(Thread-5 (serve_forever), started daemon 23900)>>
          └ <_pydev_bundle.pydev_monkey._NewThreadStartupWithTrace object at 0x0000024F59DF31F0>

  File "C:\Users\Lenovo\AppData\Local\Programs\Python\Python310\lib\threading.py", line 973, in _bootstrap
    self._bootstrap_inner()
    │    └ <function Thread._bootstrap_inner at 0x0000024F5488EE60>
    └ <Thread(Thread-5 (serve_forever), started daemon 23900)>

  File "C:\Users\Lenovo\AppData\Local\Programs\Python\Python310\lib\threading.py", line 1016, in _bootstrap_inner
    self.run()
    │    └ <function Thread.run at 0x0000024F5488EB90>
    └ <Thread(Thread-5 (serve_forever), started daemon 23900)>

  File "C:\Users\Lenovo\AppData\Local\Programs\Python\Python310\lib\threading.py", line 953, in run
    self._target(*self._args, **self._kwargs)
    │    │        │    │        │    └ {}
    │    │        │    │        └ <Thread(Thread-5 (serve_forever), started daemon 23900)>
    │    │        │    └ ()
    │    │        └ <Thread(Thread-5 (serve_forever), started daemon 23900)>
    │    └ <bound method BaseWSGIServer.serve_forever of <werkzeug.serving.BaseWSGIServer object at 0x0000024F575D1C60>>
    └ <Thread(Thread-5 (serve_forever), started daemon 23900)>

  File "C:\Users\Lenovo\AppData\Local\Programs\Python\Python310\lib\site-packages\werkzeug\serving.py", line 806, in serve_forever
    super().serve_forever(poll_interval=poll_interval)
                                        └ 0.5

  File "C:\Users\Lenovo\AppData\Local\Programs\Python\Python310\lib\socketserver.py", line 237, in serve_forever
    self._handle_request_noblock()
    │    └ <function BaseServer._handle_request_noblock at 0x0000024F54F07E20>
    └ <werkzeug.serving.BaseWSGIServer object at 0x0000024F575D1C60>

  File "C:\Users\Lenovo\AppData\Local\Programs\Python\Python310\lib\socketserver.py", line 316, in _handle_request_noblock
    self.process_request(request, client_address)
    │    │               │        └ ('127.0.0.1', 55775)
    │    │               └ <socket.socket fd=1124, family=AddressFamily.AF_INET, type=SocketKind.SOCK_STREAM, proto=0, laddr=('127.0.0.1', 5000), raddr=...
    │    └ <function BaseServer.process_request at 0x0000024F56758040>
    └ <werkzeug.serving.BaseWSGIServer object at 0x0000024F575D1C60>

  File "C:\Users\Lenovo\AppData\Local\Programs\Python\Python310\lib\socketserver.py", line 347, in process_request
    self.finish_request(request, client_address)
    │    │              │        └ ('127.0.0.1', 55775)
    │    │              └ <socket.socket fd=1124, family=AddressFamily.AF_INET, type=SocketKind.SOCK_STREAM, proto=0, laddr=('127.0.0.1', 5000), raddr=...
    │    └ <function BaseServer.finish_request at 0x0000024F56758160>
    └ <werkzeug.serving.BaseWSGIServer object at 0x0000024F575D1C60>

  File "C:\Users\Lenovo\AppData\Local\Programs\Python\Python310\lib\socketserver.py", line 360, in finish_request
    self.RequestHandlerClass(request, client_address, self)
    │    │                   │        │               └ <werkzeug.serving.BaseWSGIServer object at 0x0000024F575D1C60>
    │    │                   │        └ ('127.0.0.1', 55775)
    │    │                   └ <socket.socket fd=1124, family=AddressFamily.AF_INET, type=SocketKind.SOCK_STREAM, proto=0, laddr=('127.0.0.1', 5000), raddr=...
    │    └ <class 'werkzeug.serving.WSGIRequestHandler'>
    └ <werkzeug.serving.BaseWSGIServer object at 0x0000024F575D1C60>

  File "C:\Users\Lenovo\AppData\Local\Programs\Python\Python310\lib\socketserver.py", line 747, in __init__
    self.handle()
    │    └ <function WSGIRequestHandler.handle at 0x0000024F57755AB0>
    └ <werkzeug.serving.WSGIRequestHandler object at 0x0000024F59DC6950>

  File "C:\Users\Lenovo\AppData\Local\Programs\Python\Python310\lib\site-packages\werkzeug\serving.py", line 390, in handle
    super().handle()

  File "C:\Users\Lenovo\AppData\Local\Programs\Python\Python310\lib\http\server.py", line 432, in handle
    self.handle_one_request()
    │    └ <function BaseHTTPRequestHandler.handle_one_request at 0x0000024F56759870>
    └ <werkzeug.serving.WSGIRequestHandler object at 0x0000024F59DC6950>

  File "C:\Users\Lenovo\AppData\Local\Programs\Python\Python310\lib\http\server.py", line 420, in handle_one_request
    method()
    └ <bound method WSGIRequestHandler.run_wsgi of <werkzeug.serving.WSGIRequestHandler object at 0x0000024F59DC6950>>

  File "C:\Users\Lenovo\AppData\Local\Programs\Python\Python310\lib\site-packages\werkzeug\serving.py", line 362, in run_wsgi
    execute(self.server.app)
    │       │    │      └ <werkzeug.debug.DebuggedApplication object at 0x0000024F59DC6E00>
    │       │    └ <werkzeug.serving.BaseWSGIServer object at 0x0000024F575D1C60>
    │       └ <werkzeug.serving.WSGIRequestHandler object at 0x0000024F59DC6950>
    └ <function WSGIRequestHandler.run_wsgi.<locals>.execute at 0x0000024F59ED56C0>

  File "C:\Users\Lenovo\AppData\Local\Programs\Python\Python310\lib\site-packages\werkzeug\serving.py", line 325, in execute
    for data in application_iter:
                └ <generator object DebuggedApplication.debug_application at 0x0000024F59C7F920>

  File "C:\Users\Lenovo\AppData\Local\Programs\Python\Python310\lib\site-packages\werkzeug\debug\__init__.py", line 330, in debug_application
    app_iter = self.app(environ, start_response)
               │    │   │        └ <function WSGIRequestHandler.run_wsgi.<locals>.start_response at 0x0000024F59ED5000>
               │    │   └ {'wsgi.version': (1, 0), 'wsgi.url_scheme': 'http', 'wsgi.input': <_io.BufferedReader name=1124>, 'wsgi.errors': <_io.TextIOW...
               │    └ <Flask 'app'>
               └ <werkzeug.debug.DebuggedApplication object at 0x0000024F59DC6E00>

  File "C:\Users\Lenovo\AppData\Local\Programs\Python\Python310\lib\site-packages\flask\app.py", line 2213, in __call__
    return self.wsgi_app(environ, start_response)
           │    │        │        └ <function WSGIRequestHandler.run_wsgi.<locals>.start_response at 0x0000024F59ED5000>
           │    │        └ {'wsgi.version': (1, 0), 'wsgi.url_scheme': 'http', 'wsgi.input': <_io.BufferedReader name=1124>, 'wsgi.errors': <_io.TextIOW...
           │    └ <function Flask.wsgi_app at 0x0000024F57A93C70>
           └ <Flask 'app'>

  File "C:\Users\Lenovo\AppData\Local\Programs\Python\Python310\lib\site-packages\flask\app.py", line 2190, in wsgi_app
    response = self.full_dispatch_request()
               │    └ <function Flask.full_dispatch_request at 0x0000024F57A931C0>
               └ <Flask 'app'>

  File "C:\Users\Lenovo\AppData\Local\Programs\Python\Python310\lib\site-packages\flask\app.py", line 1484, in full_dispatch_request
    rv = self.dispatch_request()
         │    └ <function Flask.dispatch_request at 0x0000024F57A93130>
         └ <Flask 'app'>

  File "C:\Users\Lenovo\AppData\Local\Programs\Python\Python310\lib\site-packages\flask\app.py", line 1469, in dispatch_request
    return self.ensure_sync(self.view_functions[rule.endpoint])(**view_args)
           │    │           │    │              │    │            └ {}
           │    │           │    │              │    └ 'users.login'
           │    │           │    │              └ <Rule '/api_1_0/users/login' (OPTIONS, POST) -> users.login>
           │    │           │    └ {'static': <function Flask.__init__.<locals>.<lambda> at 0x0000024F586967A0>, 'apiversion.Apiversion': <function View.as_view...
           │    │           └ <Flask 'app'>
           │    └ <function Flask.ensure_sync at 0x0000024F57A93400>
           └ <Flask 'app'>

  File "C:\Users\Lenovo\PycharmProjects\api_project\api\api_1_0\usersResource\urls.py", line 17, in login
    return UsersOtherResource.login()
           │                  └ <classmethod(<function UsersOtherResource.login at 0x0000024F59A4C040>)>
           └ <class 'api_1_0.usersResource.usersOtherResource.UsersOtherResource'>

  File "C:\Users\Lenovo\PycharmProjects\api_project\api\api_1_0\usersResource\usersOtherResource.py", line 30, in login
    res=UsersService.login(**kwargs)
        │            │       └ {'account': '24', 'password': '423'}
        │            └ <classmethod(<function UsersService.login at 0x0000024F59A4C5E0>)>
        └ <class 'service.usersService.UsersService'>

> File "C:\Users\Lenovo\PycharmProjects\api_project\api\service\usersService.py", line 32, in login
    user_info = commons.query_to_dict(user_info)
                │       │             └ ('24', '423')
                │       └ <function query_to_dict at 0x0000024F5989AB00>
                └ <module 'utils.commons' from 'C:\\Users\\Lenovo\\PycharmProjects\\api_project\\api\\utils\\commons.py'>

  File "C:\Users\Lenovo\PycharmProjects\api_project\api\utils\commons.py", line 67, in query_to_dict
    res = dict(zip(models.keys(), models))
                   │              └ ('24', '423')
                   └ ('24', '423')

  File "lib\\sqlalchemy\\cyextension\\resultproxy.pyx", line 60, in sqlalchemy.cyextension.resultproxy.BaseRow.__getattr__
  File "lib\\sqlalchemy\\cyextension\\resultproxy.pyx", line 57, in sqlalchemy.cyextension.resultproxy.BaseRow._get_by_key_impl

  File "C:\Users\Lenovo\AppData\Local\Programs\Python\Python310\lib\site-packages\sqlalchemy\engine\result.py", line 204, in _key_not_found
    raise AttributeError(ke.args[0]) from ke

AttributeError: keys
2023-12-01 21:17:34.990 | ERROR    | utils.loggings:exception:40 - 'password'
Traceback (most recent call last):

  File "C:\Users\Lenovo\AppData\Local\Programs\Python\Python310\lib\threading.py", line 973, in _bootstrap
    self._bootstrap_inner()
    │    └ <function Thread._bootstrap_inner at 0x0000017CD5E2E710>
    └ <Thread(Thread-1 (serve_forever), started daemon 19228)>

  File "C:\Users\Lenovo\AppData\Local\Programs\Python\Python310\lib\threading.py", line 1016, in _bootstrap_inner
    self.run()
    │    └ <function Thread.run at 0x0000017CD5E2E440>
    └ <Thread(Thread-1 (serve_forever), started daemon 19228)>

  File "C:\Users\Lenovo\AppData\Local\Programs\Python\Python310\lib\threading.py", line 953, in run
    self._target(*self._args, **self._kwargs)
    │    │        │    │        │    └ {}
    │    │        │    │        └ <Thread(Thread-1 (serve_forever), started daemon 19228)>
    │    │        │    └ ()
    │    │        └ <Thread(Thread-1 (serve_forever), started daemon 19228)>
    │    └ <bound method BaseWSGIServer.serve_forever of <werkzeug.serving.BaseWSGIServer object at 0x0000017CDA0A1F30>>
    └ <Thread(Thread-1 (serve_forever), started daemon 19228)>

  File "C:\Users\Lenovo\AppData\Local\Programs\Python\Python310\lib\site-packages\werkzeug\serving.py", line 806, in serve_forever
    super().serve_forever(poll_interval=poll_interval)
                                        └ 0.5

  File "C:\Users\Lenovo\AppData\Local\Programs\Python\Python310\lib\socketserver.py", line 237, in serve_forever
    self._handle_request_noblock()
    │    └ <function BaseServer._handle_request_noblock at 0x0000017CD5E2FE20>
    └ <werkzeug.serving.BaseWSGIServer object at 0x0000017CDA0A1F30>

  File "C:\Users\Lenovo\AppData\Local\Programs\Python\Python310\lib\socketserver.py", line 316, in _handle_request_noblock
    self.process_request(request, client_address)
    │    │               │        └ ('127.0.0.1', 56003)
    │    │               └ <socket.socket fd=1100, family=AddressFamily.AF_INET, type=SocketKind.SOCK_STREAM, proto=0, laddr=('127.0.0.1', 5000), raddr=...
    │    └ <function BaseServer.process_request at 0x0000017CD5E34040>
    └ <werkzeug.serving.BaseWSGIServer object at 0x0000017CDA0A1F30>

  File "C:\Users\Lenovo\AppData\Local\Programs\Python\Python310\lib\socketserver.py", line 347, in process_request
    self.finish_request(request, client_address)
    │    │              │        └ ('127.0.0.1', 56003)
    │    │              └ <socket.socket fd=1100, family=AddressFamily.AF_INET, type=SocketKind.SOCK_STREAM, proto=0, laddr=('127.0.0.1', 5000), raddr=...
    │    └ <function BaseServer.finish_request at 0x0000017CD5E34160>
    └ <werkzeug.serving.BaseWSGIServer object at 0x0000017CDA0A1F30>

  File "C:\Users\Lenovo\AppData\Local\Programs\Python\Python310\lib\socketserver.py", line 360, in finish_request
    self.RequestHandlerClass(request, client_address, self)
    │    │                   │        │               └ <werkzeug.serving.BaseWSGIServer object at 0x0000017CDA0A1F30>
    │    │                   │        └ ('127.0.0.1', 56003)
    │    │                   └ <socket.socket fd=1100, family=AddressFamily.AF_INET, type=SocketKind.SOCK_STREAM, proto=0, laddr=('127.0.0.1', 5000), raddr=...
    │    └ <class 'werkzeug.serving.WSGIRequestHandler'>
    └ <werkzeug.serving.BaseWSGIServer object at 0x0000017CDA0A1F30>

  File "C:\Users\Lenovo\AppData\Local\Programs\Python\Python310\lib\socketserver.py", line 747, in __init__
    self.handle()
    │    └ <function WSGIRequestHandler.handle at 0x0000017CD7BDC790>
    └ <werkzeug.serving.WSGIRequestHandler object at 0x0000017CDA0E4190>

  File "C:\Users\Lenovo\AppData\Local\Programs\Python\Python310\lib\site-packages\werkzeug\serving.py", line 390, in handle
    super().handle()

  File "C:\Users\Lenovo\AppData\Local\Programs\Python\Python310\lib\http\server.py", line 432, in handle
    self.handle_one_request()
    │    └ <function BaseHTTPRequestHandler.handle_one_request at 0x0000017CD7A257E0>
    └ <werkzeug.serving.WSGIRequestHandler object at 0x0000017CDA0E4190>

  File "C:\Users\Lenovo\AppData\Local\Programs\Python\Python310\lib\http\server.py", line 420, in handle_one_request
    method()
    └ <bound method WSGIRequestHandler.run_wsgi of <werkzeug.serving.WSGIRequestHandler object at 0x0000017CDA0E4190>>

  File "C:\Users\Lenovo\AppData\Local\Programs\Python\Python310\lib\site-packages\werkzeug\serving.py", line 362, in run_wsgi
    execute(self.server.app)
    │       │    │      └ <werkzeug.debug.DebuggedApplication object at 0x0000017CDA07BA00>
    │       │    └ <werkzeug.serving.BaseWSGIServer object at 0x0000017CDA0A1F30>
    │       └ <werkzeug.serving.WSGIRequestHandler object at 0x0000017CDA0E4190>
    └ <function WSGIRequestHandler.run_wsgi.<locals>.execute at 0x0000017CDA0F6170>

  File "C:\Users\Lenovo\AppData\Local\Programs\Python\Python310\lib\site-packages\werkzeug\serving.py", line 325, in execute
    for data in application_iter:
                └ <generator object DebuggedApplication.debug_application at 0x0000017CDA046E30>

  File "C:\Users\Lenovo\AppData\Local\Programs\Python\Python310\lib\site-packages\werkzeug\debug\__init__.py", line 330, in debug_application
    app_iter = self.app(environ, start_response)
               │    │   │        └ <function WSGIRequestHandler.run_wsgi.<locals>.start_response at 0x0000017CDA0F68C0>
               │    │   └ {'wsgi.version': (1, 0), 'wsgi.url_scheme': 'http', 'wsgi.input': <_io.BufferedReader name=1100>, 'wsgi.errors': <_io.TextIOW...
               │    └ <Flask 'app'>
               └ <werkzeug.debug.DebuggedApplication object at 0x0000017CDA07BA00>

  File "C:\Users\Lenovo\AppData\Local\Programs\Python\Python310\lib\site-packages\flask\app.py", line 2213, in __call__
    return self.wsgi_app(environ, start_response)
           │    │        │        └ <function WSGIRequestHandler.run_wsgi.<locals>.start_response at 0x0000017CDA0F68C0>
           │    │        └ {'wsgi.version': (1, 0), 'wsgi.url_scheme': 'http', 'wsgi.input': <_io.BufferedReader name=1100>, 'wsgi.errors': <_io.TextIOW...
           │    └ <function Flask.wsgi_app at 0x0000017CD8487F40>
           └ <Flask 'app'>

  File "C:\Users\Lenovo\AppData\Local\Programs\Python\Python310\lib\site-packages\flask\app.py", line 2190, in wsgi_app
    response = self.full_dispatch_request()
               │    └ <function Flask.full_dispatch_request at 0x0000017CD8487490>
               └ <Flask 'app'>

  File "C:\Users\Lenovo\AppData\Local\Programs\Python\Python310\lib\site-packages\flask\app.py", line 1484, in full_dispatch_request
    rv = self.dispatch_request()
         │    └ <function Flask.dispatch_request at 0x0000017CD8487400>
         └ <Flask 'app'>

  File "C:\Users\Lenovo\AppData\Local\Programs\Python\Python310\lib\site-packages\flask\app.py", line 1469, in dispatch_request
    return self.ensure_sync(self.view_functions[rule.endpoint])(**view_args)
           │    │           │    │              │    │            └ {}
           │    │           │    │              │    └ 'users.login'
           │    │           │    │              └ <Rule '/api_1_0/users/login' (POST, OPTIONS) -> users.login>
           │    │           │    └ {'static': <function Flask.__init__.<locals>.<lambda> at 0x0000017CD9976F80>, 'apiversion.Apiversion': <function View.as_view...
           │    │           └ <Flask 'app'>
           │    └ <function Flask.ensure_sync at 0x0000017CD84876D0>
           └ <Flask 'app'>

  File "C:\Users\Lenovo\PycharmProjects\api_project\api\api_1_0\usersResource\urls.py", line 17, in login
    return UsersOtherResource.login()
           │                  └ <classmethod(<function UsersOtherResource.login at 0x0000017CD9D2CCA0>)>
           └ <class 'api_1_0.usersResource.usersOtherResource.UsersOtherResource'>

  File "C:\Users\Lenovo\PycharmProjects\api_project\api\api_1_0\usersResource\usersOtherResource.py", line 30, in login
    res=UsersService.login(**kwargs)
        │            │       └ {'account': '24', 'password': '423'}
        │            └ <classmethod(<function UsersService.login at 0x0000017CD9D2D120>)>
        └ <class 'service.usersService.UsersService'>

> File "C:\Users\Lenovo\PycharmProjects\api_project\api\service\usersService.py", line 35, in login
    if not user_info['password']==password:
           │                      └ '423'
           └ {'Account': '24', 'Password': '423'}

KeyError: 'password'
